0:0:0:0:0:0:0:1 - - [20/Feb/2022:11:04:45 +0330] "GET /swagger-ui.html HTTP/1.1" 302 -
0:0:0:0:0:0:0:1 - - [20/Feb/2022:11:04:45 +0330] "GET /swagger-ui/index.html HTTP/1.1" 200 1616
0:0:0:0:0:0:0:1 - - [20/Feb/2022:11:04:45 +0330] "GET /swagger-ui/swagger-ui.css HTTP/1.1" 200 143858
0:0:0:0:0:0:0:1 - - [20/Feb/2022:11:04:45 +0330] "GET /swagger-ui/swagger-ui-bundle.js HTTP/1.1" 200 1086481
0:0:0:0:0:0:0:1 - - [20/Feb/2022:11:04:45 +0330] "GET /swagger-ui/swagger-ui-standalone-preset.js HTTP/1.1" 200 324275
0:0:0:0:0:0:0:1 - - [20/Feb/2022:11:04:45 +0330] "GET /swagger-ui/favicon-32x32.png HTTP/1.1" 200 628
0:0:0:0:0:0:0:1 - - [20/Feb/2022:11:04:45 +0330] "GET /services/camel-rest-client-docs/v3/api-docs/swagger-config HTTP/1.1" 200 296
0:0:0:0:0:0:0:1 - - [20/Feb/2022:11:04:45 +0330] "GET /services/camel-rest-client-docs/v3/api-docs HTTP/1.1" 200 415
0:0:0:0:0:0:0:1 - - [20/Feb/2022:11:08:18 +0330] "GET /swagger-ui/index.html HTTP/1.1" 304 -
0:0:0:0:0:0:0:1 - - [20/Feb/2022:11:08:18 +0330] "GET /services/camel-rest-client-docs/v3/api-docs/swagger-config HTTP/1.1" 200 356
0:0:0:0:0:0:0:1 - - [20/Feb/2022:11:08:18 +0330] "GET /services/camel-rest-client-docs/v3/api-docs HTTP/1.1" 200 415
0:0:0:0:0:0:0:1 - - [20/Feb/2022:11:08:59 +0330] "GET /swagger-ui/index.html HTTP/1.1" 304 -
0:0:0:0:0:0:0:1 - - [20/Feb/2022:11:08:59 +0330] "GET /services/camel-rest-client-docs/v3/api-docs/swagger-config HTTP/1.1" 404 155
0:0:0:0:0:0:0:1 - - [20/Feb/2022:11:09:00 +0330] "GET /swagger-ui/index.html HTTP/1.1" 304 -
0:0:0:0:0:0:0:1 - - [20/Feb/2022:11:09:00 +0330] "GET /services/camel-rest-client-docs/v3/api-docs/swagger-config HTTP/1.1" 404 155
0:0:0:0:0:0:0:1 - - [20/Feb/2022:11:09:01 +0330] "GET /swagger-ui/index.html HTTP/1.1" 304 -
0:0:0:0:0:0:0:1 - - [20/Feb/2022:11:09:01 +0330] "GET /services/camel-rest-client-docs/v3/api-docs/swagger-config HTTP/1.1" 404 155
0:0:0:0:0:0:0:1 - - [20/Feb/2022:11:09:01 +0330] "GET /swagger-ui/index.html HTTP/1.1" 304 -
0:0:0:0:0:0:0:1 - - [20/Feb/2022:11:09:01 +0330] "GET /services/camel-rest-client-docs/v3/api-docs/swagger-config HTTP/1.1" 404 155
0:0:0:0:0:0:0:1 - - [20/Feb/2022:11:09:01 +0330] "GET /swagger-ui/index.html HTTP/1.1" 304 -
0:0:0:0:0:0:0:1 - - [20/Feb/2022:11:09:01 +0330] "GET /services/camel-rest-client-docs/v3/api-docs/swagger-config HTTP/1.1" 404 155
0:0:0:0:0:0:0:1 - - [20/Feb/2022:11:09:01 +0330] "GET /swagger-ui/index.html HTTP/1.1" 304 -
0:0:0:0:0:0:0:1 - - [20/Feb/2022:11:09:01 +0330] "GET /services/camel-rest-client-docs/v3/api-docs/swagger-config HTTP/1.1" 404 155
0:0:0:0:0:0:0:1 - - [20/Feb/2022:11:09:02 +0330] "GET /swagger-ui/index.html HTTP/1.1" 304 -
0:0:0:0:0:0:0:1 - - [20/Feb/2022:11:09:02 +0330] "GET /services/camel-rest-client-docs/v3/api-docs/swagger-config HTTP/1.1" 404 155
0:0:0:0:0:0:0:1 - - [20/Feb/2022:11:09:49 +0330] "GET /swagger-ui/index.html HTTP/1.1" 304 -
0:0:0:0:0:0:0:1 - - [20/Feb/2022:11:09:49 +0330] "GET /services/camel-rest-client-docs/v3/api-docs/swagger-config HTTP/1.1" 200 356
0:0:0:0:0:0:0:1 - - [20/Feb/2022:11:09:49 +0330] "GET /services/camel-rest-client-docs/v3/api-docs HTTP/1.1" 200 415
0:0:0:0:0:0:0:1 - - [20/Feb/2022:11:11:39 +0330] "GET /swagger-ui/index.html HTTP/1.1" 304 -
0:0:0:0:0:0:0:1 - - [20/Feb/2022:11:11:39 +0330] "GET /services/camel-rest-client-docs/v3/api-docs/swagger-config HTTP/1.1" 200 356
0:0:0:0:0:0:0:1 - - [20/Feb/2022:11:11:39 +0330] "GET /services/camel-rest-client-docs/v3/api-docs HTTP/1.1" 200 415
0:0:0:0:0:0:0:1 - - [20/Feb/2022:11:11:40 +0330] "GET /swagger-ui/index.html HTTP/1.1" 304 -
0:0:0:0:0:0:0:1 - - [20/Feb/2022:11:11:40 +0330] "GET /services/camel-rest-client-docs/v3/api-docs/swagger-config HTTP/1.1" 200 356
0:0:0:0:0:0:0:1 - - [20/Feb/2022:11:11:40 +0330] "GET /services/camel-rest-client-docs/v3/api-docs HTTP/1.1" 200 415
0:0:0:0:0:0:0:1 - - [20/Feb/2022:11:11:40 +0330] "GET /swagger-ui/index.html HTTP/1.1" 304 -
0:0:0:0:0:0:0:1 - - [20/Feb/2022:11:11:40 +0330] "GET /services/camel-rest-client-docs/v3/api-docs/swagger-config HTTP/1.1" 200 356
0:0:0:0:0:0:0:1 - - [20/Feb/2022:11:11:40 +0330] "GET /services/camel-rest-client-docs/v3/api-docs HTTP/1.1" 200 415
0:0:0:0:0:0:0:1 - - [20/Feb/2022:11:11:40 +0330] "GET /swagger-ui/index.html HTTP/1.1" 304 -
0:0:0:0:0:0:0:1 - - [20/Feb/2022:11:11:40 +0330] "GET /services/camel-rest-client-docs/v3/api-docs/swagger-config HTTP/1.1" 200 356
0:0:0:0:0:0:0:1 - - [20/Feb/2022:11:11:40 +0330] "GET /services/camel-rest-client-docs/v3/api-docs HTTP/1.1" 200 415
0:0:0:0:0:0:0:1 - - [20/Feb/2022:11:11:40 +0330] "GET /swagger-ui/index.html HTTP/1.1" 304 -
0:0:0:0:0:0:0:1 - - [20/Feb/2022:11:11:40 +0330] "GET /services/camel-rest-client-docs/v3/api-docs/swagger-config HTTP/1.1" 200 356
0:0:0:0:0:0:0:1 - - [20/Feb/2022:11:11:40 +0330] "GET /services/camel-rest-client-docs/v3/api-docs HTTP/1.1" 200 415
0:0:0:0:0:0:0:1 - - [20/Feb/2022:11:11:41 +0330] "GET /swagger-ui/index.html HTTP/1.1" 304 -
0:0:0:0:0:0:0:1 - - [20/Feb/2022:11:11:41 +0330] "GET /services/camel-rest-client-docs/v3/api-docs/swagger-config HTTP/1.1" 200 356
0:0:0:0:0:0:0:1 - - [20/Feb/2022:11:11:41 +0330] "GET /services/camel-rest-client-docs/v3/api-docs HTTP/1.1" 200 415
0:0:0:0:0:0:0:1 - - [20/Feb/2022:11:11:41 +0330] "GET /swagger-ui/index.html HTTP/1.1" 304 -
0:0:0:0:0:0:0:1 - - [20/Feb/2022:11:11:41 +0330] "GET /services/camel-rest-client-docs/v3/api-docs/swagger-config HTTP/1.1" 200 356
0:0:0:0:0:0:0:1 - - [20/Feb/2022:11:11:41 +0330] "GET /services/camel-rest-client-docs/v3/api-docs HTTP/1.1" 200 415
0:0:0:0:0:0:0:1 - - [20/Feb/2022:11:11:41 +0330] "GET /swagger-ui/index.html HTTP/1.1" 304 -
0:0:0:0:0:0:0:1 - - [20/Feb/2022:11:11:41 +0330] "GET /services/camel-rest-client-docs/v3/api-docs/swagger-config HTTP/1.1" 200 356
0:0:0:0:0:0:0:1 - - [20/Feb/2022:11:11:41 +0330] "GET /services/camel-rest-client-docs/v3/api-docs HTTP/1.1" 200 415
0:0:0:0:0:0:0:1 - - [20/Feb/2022:11:11:41 +0330] "GET /swagger-ui/index.html HTTP/1.1" 304 -
0:0:0:0:0:0:0:1 - - [20/Feb/2022:11:11:41 +0330] "GET /services/camel-rest-client-docs/v3/api-docs/swagger-config HTTP/1.1" 200 356
0:0:0:0:0:0:0:1 - - [20/Feb/2022:11:11:41 +0330] "GET /services/camel-rest-client-docs/v3/api-docs HTTP/1.1" 200 415
0:0:0:0:0:0:0:1 - - [20/Feb/2022:11:11:41 +0330] "GET /swagger-ui/index.html HTTP/1.1" 304 -
0:0:0:0:0:0:0:1 - - [20/Feb/2022:11:11:42 +0330] "GET /services/camel-rest-client-docs/v3/api-docs/swagger-config HTTP/1.1" 200 356
0:0:0:0:0:0:0:1 - - [20/Feb/2022:11:11:42 +0330] "GET /services/camel-rest-client-docs/v3/api-docs HTTP/1.1" 200 415
0:0:0:0:0:0:0:1 - - [20/Feb/2022:11:11:42 +0330] "GET /swagger-ui/index.html HTTP/1.1" 304 -
0:0:0:0:0:0:0:1 - - [20/Feb/2022:11:11:42 +0330] "GET /services/camel-rest-client-docs/v3/api-docs/swagger-config HTTP/1.1" 200 356
0:0:0:0:0:0:0:1 - - [20/Feb/2022:11:11:42 +0330] "GET /services/camel-rest-client-docs/v3/api-docs HTTP/1.1" 200 415
0:0:0:0:0:0:0:1 - - [20/Feb/2022:11:11:42 +0330] "GET /swagger-ui/index.html HTTP/1.1" 304 -
0:0:0:0:0:0:0:1 - - [20/Feb/2022:11:11:42 +0330] "GET /services/camel-rest-client-docs/v3/api-docs/swagger-config HTTP/1.1" 200 356
0:0:0:0:0:0:0:1 - - [20/Feb/2022:11:11:42 +0330] "GET /services/camel-rest-client-docs/v3/api-docs HTTP/1.1" 200 415
0:0:0:0:0:0:0:1 - - [20/Feb/2022:11:11:42 +0330] "GET /swagger-ui/index.html HTTP/1.1" 304 -
0:0:0:0:0:0:0:1 - - [20/Feb/2022:11:11:42 +0330] "GET /services/camel-rest-client-docs/v3/api-docs/swagger-config HTTP/1.1" 200 356
0:0:0:0:0:0:0:1 - - [20/Feb/2022:11:11:42 +0330] "GET /services/camel-rest-client-docs/v3/api-docs HTTP/1.1" 200 415
0:0:0:0:0:0:0:1 - - [20/Feb/2022:11:11:42 +0330] "GET /swagger-ui/index.html HTTP/1.1" 304 -
0:0:0:0:0:0:0:1 - - [20/Feb/2022:11:11:42 +0330] "GET /services/camel-rest-client-docs/v3/api-docs/swagger-config HTTP/1.1" 200 356
0:0:0:0:0:0:0:1 - - [20/Feb/2022:11:11:43 +0330] "GET /services/camel-rest-client-docs/v3/api-docs HTTP/1.1" 200 415
0:0:0:0:0:0:0:1 - - [20/Feb/2022:11:11:43 +0330] "GET /swagger-ui/index.html HTTP/1.1" 304 -
0:0:0:0:0:0:0:1 - - [20/Feb/2022:11:11:43 +0330] "GET /services/camel-rest-client-docs/v3/api-docs/swagger-config HTTP/1.1" 200 356
0:0:0:0:0:0:0:1 - - [20/Feb/2022:11:11:43 +0330] "GET /services/camel-rest-client-docs/v3/api-docs HTTP/1.1" 200 415
0:0:0:0:0:0:0:1 - - [20/Feb/2022:11:11:43 +0330] "GET /swagger-ui/index.html HTTP/1.1" 304 -
0:0:0:0:0:0:0:1 - - [20/Feb/2022:11:11:43 +0330] "GET /services/camel-rest-client-docs/v3/api-docs/swagger-config HTTP/1.1" 200 356
0:0:0:0:0:0:0:1 - - [20/Feb/2022:11:11:43 +0330] "GET /services/camel-rest-client-docs/v3/api-docs HTTP/1.1" 200 415
0:0:0:0:0:0:0:1 - - [20/Feb/2022:11:11:43 +0330] "GET /swagger-ui/index.html HTTP/1.1" 304 -
0:0:0:0:0:0:0:1 - - [20/Feb/2022:11:11:43 +0330] "GET /services/camel-rest-client-docs/v3/api-docs/swagger-config HTTP/1.1" 200 356
0:0:0:0:0:0:0:1 - - [20/Feb/2022:11:11:43 +0330] "GET /services/camel-rest-client-docs/v3/api-docs HTTP/1.1" 200 415
0:0:0:0:0:0:0:1 - - [20/Feb/2022:11:11:43 +0330] "GET /swagger-ui/index.html HTTP/1.1" 304 -
0:0:0:0:0:0:0:1 - - [20/Feb/2022:11:11:43 +0330] "GET /services/camel-rest-client-docs/v3/api-docs/swagger-config HTTP/1.1" 200 356
0:0:0:0:0:0:0:1 - - [20/Feb/2022:11:11:43 +0330] "GET /services/camel-rest-client-docs/v3/api-docs HTTP/1.1" 200 415
0:0:0:0:0:0:0:1 - - [20/Feb/2022:11:14:30 +0330] "GET /swagger-ui/index.html HTTP/1.1" 404 276
0:0:0:0:0:0:0:1 - - [20/Feb/2022:11:14:30 +0330] "GET /favicon.ico HTTP/1.1" 404 108
0:0:0:0:0:0:0:1 - - [20/Feb/2022:11:15:05 +0330] "GET /services/camel-rest-client-docs/v3/api-docs HTTP/1.1" 404 276
0:0:0:0:0:0:0:1 - - [20/Feb/2022:11:15:33 +0330] "GET /services/camel-rest-client/v3/api-docs HTTP/1.1" 404 276
0:0:0:0:0:0:0:1 - - [20/Feb/2022:11:18:04 +0330] "GET /services/camel-rest-client/v3/api-docs HTTP/1.1" 404 276
0:0:0:0:0:0:0:1 - - [20/Feb/2022:11:18:05 +0330] "GET /services/camel-rest-client/v3/api-docs HTTP/1.1" 404 276
0:0:0:0:0:0:0:1 - - [20/Feb/2022:11:18:05 +0330] "GET /services/camel-rest-client/v3/api-docs HTTP/1.1" 404 276
0:0:0:0:0:0:0:1 - - [20/Feb/2022:11:18:05 +0330] "GET /services/camel-rest-client/v3/api-docs HTTP/1.1" 404 276
0:0:0:0:0:0:0:1 - - [20/Feb/2022:11:18:06 +0330] "GET /services/camel-rest-client/v3/api-docs HTTP/1.1" 404 276
0:0:0:0:0:0:0:1 - - [20/Feb/2022:11:18:06 +0330] "GET /services/camel-rest-client/v3/api-docs HTTP/1.1" 404 276
0:0:0:0:0:0:0:1 - - [20/Feb/2022:11:18:06 +0330] "GET /services/camel-rest-client/v3/api-docs HTTP/1.1" 404 276
0:0:0:0:0:0:0:1 - - [20/Feb/2022:11:18:06 +0330] "GET /services/camel-rest-client/v3/api-docs HTTP/1.1" 404 276
0:0:0:0:0:0:0:1 - - [20/Feb/2022:11:18:07 +0330] "GET /services/camel-rest-client/v3/api-docs HTTP/1.1" 404 276
0:0:0:0:0:0:0:1 - - [20/Feb/2022:11:18:07 +0330] "GET /services/camel-rest-client/v3/api-docs HTTP/1.1" 404 276
0:0:0:0:0:0:0:1 - - [20/Feb/2022:11:18:07 +0330] "GET /services/camel-rest-client/v3/api-docs HTTP/1.1" 404 276
0:0:0:0:0:0:0:1 - - [20/Feb/2022:11:18:09 +0330] "GET /swagger-ui/index.html HTTP/1.1" 404 276
0:0:0:0:0:0:0:1 - - [20/Feb/2022:11:18:12 +0330] "GET /services/camel-rest-client/v3/api-docs HTTP/1.1" 404 276
0:0:0:0:0:0:0:1 - - [20/Feb/2022:11:18:42 +0330] "GET /services/camel-rest-client/v3/api-docs HTTP/1.1" 404 276
0:0:0:0:0:0:0:1 - - [20/Feb/2022:11:18:57 +0330] "GET /services/camel-rest-client/v3/api-docs HTTP/1.1" 404 276
0:0:0:0:0:0:0:1 - - [20/Feb/2022:11:18:57 +0330] "GET /services/camel-rest-client/v3/api-docs HTTP/1.1" 404 276
0:0:0:0:0:0:0:1 - - [20/Feb/2022:11:18:58 +0330] "GET /services/camel-rest-client/v3/api-docs HTTP/1.1" 404 276
0:0:0:0:0:0:0:1 - - [20/Feb/2022:11:18:58 +0330] "GET /services/camel-rest-client/v3/api-docs HTTP/1.1" 404 276
0:0:0:0:0:0:0:1 - - [20/Feb/2022:11:18:58 +0330] "GET /services/camel-rest-client/v3/api-docs HTTP/1.1" 404 276
0:0:0:0:0:0:0:1 - - [20/Feb/2022:11:19:31 +0330] "GET /services/camel-rest-client/v3/api-docs HTTP/1.1" 404 276
0:0:0:0:0:0:0:1 - - [20/Feb/2022:11:19:32 +0330] "GET /services/camel-rest-client/v3/api-docs HTTP/1.1" 404 276
0:0:0:0:0:0:0:1 - - [20/Feb/2022:11:19:32 +0330] "GET /services/camel-rest-client/v3/api-docs HTTP/1.1" 404 276
0:0:0:0:0:0:0:1 - - [20/Feb/2022:11:19:32 +0330] "GET /services/camel-rest-client/v3/api-docs HTTP/1.1" 404 276
0:0:0:0:0:0:0:1 - - [20/Feb/2022:11:19:33 +0330] "GET /services/camel-rest-client/v3/api-docs HTTP/1.1" 404 276
0:0:0:0:0:0:0:1 - - [20/Feb/2022:11:19:39 +0330] "GET /services/camel-rest-client-docs/v3/api-docs HTTP/1.1" 404 276
0:0:0:0:0:0:0:1 - - [20/Feb/2022:11:19:41 +0330] "GET /services/camel-rest-client-docs/v3/api-docs HTTP/1.1" 404 276
0:0:0:0:0:0:0:1 - - [20/Feb/2022:11:19:41 +0330] "GET /services/camel-rest-client-docs/v3/api-docs HTTP/1.1" 404 276
0:0:0:0:0:0:0:1 - - [20/Feb/2022:11:19:42 +0330] "GET /services/camel-rest-client-docs/v3/api-docs HTTP/1.1" 404 276
0:0:0:0:0:0:0:1 - - [20/Feb/2022:11:19:42 +0330] "GET /services/camel-rest-client-docs/v3/api-docs HTTP/1.1" 404 276
0:0:0:0:0:0:0:1 - - [20/Feb/2022:11:20:00 +0330] "GET /v3/api-docs HTTP/1.1" 404 276
0:0:0:0:0:0:0:1 - - [20/Feb/2022:11:20:45 +0330] "GET /services/camel-rest-client-docs/v3/api-docs HTTP/1.1" 404 276
0:0:0:0:0:0:0:1 - - [20/Feb/2022:11:20:45 +0330] "GET /services/camel-rest-client-docs/v3/api-docs HTTP/1.1" 404 276
0:0:0:0:0:0:0:1 - - [20/Feb/2022:11:20:46 +0330] "GET /services/camel-rest-client-docs/v3/api-docs HTTP/1.1" 404 276
0:0:0:0:0:0:0:1 - - [20/Feb/2022:11:20:46 +0330] "GET /services/camel-rest-client-docs/v3/api-docs HTTP/1.1" 404 276
0:0:0:0:0:0:0:1 - - [20/Feb/2022:11:20:46 +0330] "GET /services/camel-rest-client-docs/v3/api-docs HTTP/1.1" 404 276
0:0:0:0:0:0:0:1 - - [20/Feb/2022:11:20:46 +0330] "GET /services/camel-rest-client-docs/v3/api-docs HTTP/1.1" 404 276
0:0:0:0:0:0:0:1 - - [20/Feb/2022:11:20:46 +0330] "GET /services/camel-rest-client-docs/v3/api-docs HTTP/1.1" 404 276
0:0:0:0:0:0:0:1 - - [20/Feb/2022:11:20:46 +0330] "GET /services/camel-rest-client-docs/v3/api-docs HTTP/1.1" 404 276
0:0:0:0:0:0:0:1 - - [20/Feb/2022:11:20:47 +0330] "GET /services/camel-rest-client-docs/v3/api-docs HTTP/1.1" 404 276
0:0:0:0:0:0:0:1 - - [20/Feb/2022:11:20:47 +0330] "GET /services/camel-rest-client-docs/v3/api-docs HTTP/1.1" 404 276
0:0:0:0:0:0:0:1 - - [20/Feb/2022:11:20:47 +0330] "GET /services/camel-rest-client-docs/v3/api-docs HTTP/1.1" 404 276
0:0:0:0:0:0:0:1 - - [20/Feb/2022:11:20:47 +0330] "GET /services/camel-rest-client-docs/v3/api-docs HTTP/1.1" 404 276
0:0:0:0:0:0:0:1 - - [20/Feb/2022:11:20:47 +0330] "GET /services/camel-rest-client-docs/v3/api-docs HTTP/1.1" 404 276
0:0:0:0:0:0:0:1 - - [20/Feb/2022:11:20:47 +0330] "GET /services/camel-rest-client-docs/v3/api-docs HTTP/1.1" 404 276
0:0:0:0:0:0:0:1 - - [20/Feb/2022:11:20:48 +0330] "GET /services/camel-rest-client-docs/v3/api-docs HTTP/1.1" 404 276
0:0:0:0:0:0:0:1 - - [20/Feb/2022:12:02:56 +0330] "GET /services/camel-rest-client-docs/v3/api-docs HTTP/1.1" 200 492
0:0:0:0:0:0:0:1 - - [20/Feb/2022:12:04:02 +0330] "GET /services/camel-rest-client-docs/v3/api-docs HTTP/1.1" 200 492
0:0:0:0:0:0:0:1 - - [20/Feb/2022:12:04:04 +0330] "GET /services/camel-rest-client-docs/v3/api-docs HTTP/1.1" 200 492
0:0:0:0:0:0:0:1 - - [20/Feb/2022:12:04:04 +0330] "GET /services/camel-rest-client-docs/v3/api-docs HTTP/1.1" 200 492
0:0:0:0:0:0:0:1 - - [20/Feb/2022:12:04:05 +0330] "GET /services/camel-rest-client-docs/v3/api-docs HTTP/1.1" 200 492
0:0:0:0:0:0:0:1 - - [20/Feb/2022:12:04:05 +0330] "GET /services/camel-rest-client-docs/v3/api-docs HTTP/1.1" 200 492
0:0:0:0:0:0:0:1 - - [20/Feb/2022:12:05:11 +0330] "GET /services/camel-rest-client-docs/v3/api-docs HTTP/1.1" 200 492
0:0:0:0:0:0:0:1 - - [20/Feb/2022:12:05:12 +0330] "GET /services/camel-rest-client-docs/v3/api-docs HTTP/1.1" 200 492
0:0:0:0:0:0:0:1 - - [20/Feb/2022:12:05:12 +0330] "GET /services/camel-rest-client-docs/v3/api-docs HTTP/1.1" 200 492
0:0:0:0:0:0:0:1 - - [20/Feb/2022:12:05:13 +0330] "GET /services/camel-rest-client-docs/v3/api-docs HTTP/1.1" 200 492
0:0:0:0:0:0:0:1 - - [20/Feb/2022:12:05:13 +0330] "GET /services/camel-rest-client-docs/v3/api-docs HTTP/1.1" 200 492
0:0:0:0:0:0:0:1 - - [20/Feb/2022:12:05:13 +0330] "GET /services/camel-rest-client-docs/v3/api-docs HTTP/1.1" 200 492
0:0:0:0:0:0:0:1 - - [20/Feb/2022:12:05:14 +0330] "GET /services/camel-rest-client-docs/v3/api-docs HTTP/1.1" 200 492
0:0:0:0:0:0:0:1 - - [20/Feb/2022:12:05:14 +0330] "GET /services/camel-rest-client-docs/v3/api-docs HTTP/1.1" 200 492
0:0:0:0:0:0:0:1 - - [20/Feb/2022:12:05:15 +0330] "GET /services/camel-rest-client-docs/v3/api-docs HTTP/1.1" 200 492
0:0:0:0:0:0:0:1 - - [20/Feb/2022:12:05:17 +0330] "GET /services/camel-rest-client-docs/v3/api-docs HTTP/1.1" 200 492
0:0:0:0:0:0:0:1 - - [20/Feb/2022:12:05:18 +0330] "GET /services/camel-rest-client-docs/v3/api-docs HTTP/1.1" 200 492
0:0:0:0:0:0:0:1 - - [20/Feb/2022:12:05:19 +0330] "GET /services/camel-rest-client-docs/v3/api-docs HTTP/1.1" 200 492
0:0:0:0:0:0:0:1 - - [20/Feb/2022:12:05:19 +0330] "GET /services/camel-rest-client-docs/v3/api-docs HTTP/1.1" 200 492
0:0:0:0:0:0:0:1 - - [20/Feb/2022:12:05:19 +0330] "GET /services/camel-rest-client-docs/v3/api-docs HTTP/1.1" 200 492
0:0:0:0:0:0:0:1 - - [20/Feb/2022:12:05:20 +0330] "GET /services/camel-rest-client-docs/v3/api-docs HTTP/1.1" 200 492
0:0:0:0:0:0:0:1 - - [20/Feb/2022:12:05:26 +0330] "GET /swagger-ui/index.html HTTP/1.1" 200 1834
0:0:0:0:0:0:0:1 - - [20/Feb/2022:12:05:26 +0330] "GET /services/camel-rest-client-docs/v3/api-docs/swagger-config HTTP/1.1" 200 349
0:0:0:0:0:0:0:1 - - [20/Feb/2022:12:05:26 +0330] "GET /services/camel-rest-client-docs/v3/api-docs HTTP/1.1" 200 780
0:0:0:0:0:0:0:1 - - [20/Feb/2022:12:08:04 +0330] "GET /swagger-ui/index.html HTTP/1.1" 304 -
0:0:0:0:0:0:0:1 - - [20/Feb/2022:12:08:04 +0330] "GET /services/camel-rest-client-docs/v3/api-docs/swagger-config HTTP/1.1" 200 349
0:0:0:0:0:0:0:1 - - [20/Feb/2022:12:08:04 +0330] "GET /services/camel-rest-client-docs/v3/api-docs HTTP/1.1" 200 780
0:0:0:0:0:0:0:1 - - [20/Feb/2022:12:08:17 +0330] "GET /services/camel-rest-client-docs/v3/api-docs HTTP/1.1" 200 562
0:0:0:0:0:0:0:1 - - [20/Feb/2022:12:08:26 +0330] "GET /swagger-ui/index.html HTTP/1.1" 304 -
0:0:0:0:0:0:0:1 - - [20/Feb/2022:12:08:26 +0330] "GET /services/camel-rest-client-docs/v3/api-docs/swagger-config HTTP/1.1" 200 349
0:0:0:0:0:0:0:1 - - [20/Feb/2022:12:08:26 +0330] "GET /services/camel-rest-client-docs/v3/api-docs HTTP/1.1" 200 780
0:0:0:0:0:0:0:1 - - [20/Feb/2022:12:09:26 +0330] "GET /swagger-ui/index.html HTTP/1.1" 304 -
0:0:0:0:0:0:0:1 - - [20/Feb/2022:12:09:26 +0330] "GET /services/camel-rest-client-docs/v3/api-docs/swagger-config HTTP/1.1" 404 155
0:0:0:0:0:0:0:1 - - [20/Feb/2022:12:09:27 +0330] "GET /swagger-ui/index.html HTTP/1.1" 304 -
0:0:0:0:0:0:0:1 - - [20/Feb/2022:12:09:27 +0330] "GET /services/camel-rest-client-docs/v3/api-docs/swagger-config HTTP/1.1" 404 155
0:0:0:0:0:0:0:1 - - [20/Feb/2022:12:09:57 +0330] "GET /swagger-ui/index.html HTTP/1.1" 304 -
0:0:0:0:0:0:0:1 - - [20/Feb/2022:12:09:57 +0330] "GET /services/camel-rest-client-docs/v3/api-docs/swagger-config HTTP/1.1" 404 155
0:0:0:0:0:0:0:1 - - [20/Feb/2022:12:09:57 +0330] "GET /swagger-ui/index.html HTTP/1.1" 304 -
0:0:0:0:0:0:0:1 - - [20/Feb/2022:12:09:58 +0330] "GET /services/camel-rest-client-docs/v3/api-docs/swagger-config HTTP/1.1" 404 155
0:0:0:0:0:0:0:1 - - [20/Feb/2022:12:09:58 +0330] "GET /swagger-ui/index.html HTTP/1.1" 304 -
0:0:0:0:0:0:0:1 - - [20/Feb/2022:12:09:58 +0330] "GET /services/camel-rest-client-docs/v3/api-docs/swagger-config HTTP/1.1" 404 155
0:0:0:0:0:0:0:1 - - [20/Feb/2022:12:09:58 +0330] "GET /swagger-ui/index.html HTTP/1.1" 304 -
0:0:0:0:0:0:0:1 - - [20/Feb/2022:12:09:58 +0330] "GET /services/camel-rest-client-docs/v3/api-docs/swagger-config HTTP/1.1" 404 155
0:0:0:0:0:0:0:1 - - [20/Feb/2022:12:09:58 +0330] "GET /swagger-ui/index.html HTTP/1.1" 304 -
0:0:0:0:0:0:0:1 - - [20/Feb/2022:12:09:58 +0330] "GET /services/camel-rest-client-docs/v3/api-docs/swagger-config HTTP/1.1" 404 155
0:0:0:0:0:0:0:1 - - [20/Feb/2022:12:09:58 +0330] "GET /swagger-ui/index.html HTTP/1.1" 304 -
0:0:0:0:0:0:0:1 - - [20/Feb/2022:12:09:58 +0330] "GET /services/camel-rest-client-docs/v3/api-docs/swagger-config HTTP/1.1" 404 155
0:0:0:0:0:0:0:1 - - [20/Feb/2022:12:09:58 +0330] "GET /swagger-ui/index.html HTTP/1.1" 304 -
0:0:0:0:0:0:0:1 - - [20/Feb/2022:12:09:58 +0330] "GET /services/camel-rest-client-docs/v3/api-docs/swagger-config HTTP/1.1" 404 155
0:0:0:0:0:0:0:1 - - [20/Feb/2022:12:09:59 +0330] "GET /swagger-ui/index.html HTTP/1.1" 304 -
0:0:0:0:0:0:0:1 - - [20/Feb/2022:12:09:59 +0330] "GET /services/camel-rest-client-docs/v3/api-docs/swagger-config HTTP/1.1" 404 155
0:0:0:0:0:0:0:1 - - [20/Feb/2022:12:09:59 +0330] "GET /swagger-ui/index.html HTTP/1.1" 304 -
0:0:0:0:0:0:0:1 - - [20/Feb/2022:12:09:59 +0330] "GET /services/camel-rest-client-docs/v3/api-docs/swagger-config HTTP/1.1" 404 155
0:0:0:0:0:0:0:1 - - [20/Feb/2022:12:09:59 +0330] "GET /swagger-ui/index.html HTTP/1.1" 304 -
0:0:0:0:0:0:0:1 - - [20/Feb/2022:12:09:59 +0330] "GET /services/camel-rest-client-docs/v3/api-docs/swagger-config HTTP/1.1" 404 155
0:0:0:0:0:0:0:1 - - [20/Feb/2022:12:09:59 +0330] "GET /swagger-ui/index.html HTTP/1.1" 304 -
0:0:0:0:0:0:0:1 - - [20/Feb/2022:12:09:59 +0330] "GET /services/camel-rest-client-docs/v3/api-docs/swagger-config HTTP/1.1" 404 155
0:0:0:0:0:0:0:1 - - [20/Feb/2022:12:10:01 +0330] "GET /services/camel-rest-client-docs/v3/api-docs HTTP/1.1" 200 562
0:0:0:0:0:0:0:1 - - [20/Feb/2022:12:11:43 +0330] "GET /swagger-ui/index.html HTTP/1.1" 304 -
0:0:0:0:0:0:0:1 - - [20/Feb/2022:12:11:43 +0330] "GET /services/camel-rest-client-docs/v3/api-docs/swagger-config HTTP/1.1" 200 344
0:0:0:0:0:0:0:1 - - [20/Feb/2022:12:11:43 +0330] "GET /services/camel-rest-client/v3/api-docs HTTP/1.1" 200 562
0:0:0:0:0:0:0:1 - - [20/Feb/2022:12:13:00 +0330] "GET /swagger-ui/index.html HTTP/1.1" 304 -
0:0:0:0:0:0:0:1 - - [20/Feb/2022:12:13:00 +0330] "GET /services/camel-rest-client-docs/v3/api-docs/swagger-config HTTP/1.1" 200 448
0:0:0:0:0:0:0:1 - - [20/Feb/2022:12:13:01 +0330] "GET /services/camel-rest-client/v3/api-docs HTTP/1.1" 200 562
0:0:0:0:0:0:0:1 - - [20/Feb/2022:12:13:03 +0330] "GET /services/camel-rest-client-docs/v3/api-docs HTTP/1.1" 200 780
0:0:0:0:0:0:0:1 - - [20/Feb/2022:12:13:09 +0330] "GET /services/camel-rest-client/v3/api-docs HTTP/1.1" 200 562
0:0:0:0:0:0:0:1 - - [20/Feb/2022:12:13:27 +0330] "GET /services/camel-rest-client-docs/v3/api-docs HTTP/1.1" 200 780
0:0:0:0:0:0:0:1 - - [20/Feb/2022:12:13:38 +0330] "GET /services/camel-rest-client-docs/v3/api-docs HTTP/1.1" 200 562
0:0:0:0:0:0:0:1 - - [20/Feb/2022:12:16:33 +0330] "GET /services/camel-rest-client/v3/api-docs HTTP/1.1" 200 562
0:0:0:0:0:0:0:1 - - [20/Feb/2022:12:16:37 +0330] "GET /services/camel-rest-client/hello/sayHello HTTP/1.1" 200 19
0:0:0:0:0:0:0:1 - - [20/Feb/2022:12:17:49 +0330] "GET /services/camel-rest-client-docs/v3/api-docs HTTP/1.1" 200 613
0:0:0:0:0:0:0:1 - - [20/Feb/2022:12:17:56 +0330] "GET /services/camel-rest-client-docs/v3/api-docs HTTP/1.1" 200 562
0:0:0:0:0:0:0:1 - - [20/Feb/2022:12:18:24 +0330] "GET /services/camel-rest-client/v3/api-docs HTTP/1.1" 200 562
0:0:0:0:0:0:0:1 - - [20/Feb/2022:12:18:26 +0330] "GET /services/camel-rest-client/v3/api-docs HTTP/1.1" 200 562
0:0:0:0:0:0:0:1 - - [20/Feb/2022:12:18:53 +0330] "GET /services/camel-rest-client/hello/sayHello HTTP/1.1" 200 19
0:0:0:0:0:0:0:1 - - [20/Feb/2022:12:32:18 +0330] "GET /swagger-ui/index.html?urls.primaryName=camel%20rest%20client HTTP/1.1" 200 1616
0:0:0:0:0:0:0:1 - - [20/Feb/2022:12:32:19 +0330] "GET /services/camel-rest-client-docs/v2/api-docs/swagger-config HTTP/1.1" 404 155
0:0:0:0:0:0:0:1 - - [20/Feb/2022:12:32:21 +0330] "GET /swagger-ui/index.html?urls.primaryName=camel%20rest%20client HTTP/1.1" 304 -
0:0:0:0:0:0:0:1 - - [20/Feb/2022:12:32:21 +0330] "GET /services/camel-rest-client-docs/v2/api-docs/swagger-config HTTP/1.1" 404 155
0:0:0:0:0:0:0:1 - - [20/Feb/2022:12:32:22 +0330] "GET /swagger-ui/index.html?urls.primaryName=camel%20rest%20client HTTP/1.1" 304 -
0:0:0:0:0:0:0:1 - - [20/Feb/2022:12:32:22 +0330] "GET /services/camel-rest-client-docs/v2/api-docs/swagger-config HTTP/1.1" 404 155
0:0:0:0:0:0:0:1 - - [20/Feb/2022:12:32:27 +0330] "GET /services/camel-rest-client-docs/v3/api-docs/swagger-config HTTP/1.1" 404 155
0:0:0:0:0:0:0:1 - - [20/Feb/2022:12:33:06 +0330] "GET /swagger-ui/index.html HTTP/1.1" 304 -
0:0:0:0:0:0:0:1 - - [20/Feb/2022:12:33:06 +0330] "GET /services/camel-rest-client-docs/v3/api-docs/swagger-config HTTP/1.1" 404 155
0:0:0:0:0:0:0:1 - - [20/Feb/2022:12:33:06 +0330] "GET /swagger-ui/index.html HTTP/1.1" 304 -
0:0:0:0:0:0:0:1 - - [20/Feb/2022:12:33:06 +0330] "GET /services/camel-rest-client-docs/v3/api-docs/swagger-config HTTP/1.1" 404 155
0:0:0:0:0:0:0:1 - - [20/Feb/2022:12:33:07 +0330] "GET /swagger-ui/index.html HTTP/1.1" 304 -
0:0:0:0:0:0:0:1 - - [20/Feb/2022:12:33:07 +0330] "GET /services/camel-rest-client-docs/v3/api-docs/swagger-config HTTP/1.1" 404 155
0:0:0:0:0:0:0:1 - - [20/Feb/2022:12:33:07 +0330] "GET /swagger-ui/index.html HTTP/1.1" 304 -
0:0:0:0:0:0:0:1 - - [20/Feb/2022:12:33:07 +0330] "GET /services/camel-rest-client-docs/v3/api-docs/swagger-config HTTP/1.1" 404 155
0:0:0:0:0:0:0:1 - - [20/Feb/2022:12:33:07 +0330] "GET /swagger-ui/index.html HTTP/1.1" 304 -
0:0:0:0:0:0:0:1 - - [20/Feb/2022:12:33:07 +0330] "GET /services/camel-rest-client-docs/v3/api-docs/swagger-config HTTP/1.1" 404 155
0:0:0:0:0:0:0:1 - - [20/Feb/2022:12:33:07 +0330] "GET /swagger-ui/index.html HTTP/1.1" 304 -
0:0:0:0:0:0:0:1 - - [20/Feb/2022:12:33:07 +0330] "GET /services/camel-rest-client-docs/v3/api-docs/swagger-config HTTP/1.1" 404 155
0:0:0:0:0:0:0:1 - - [20/Feb/2022:12:33:07 +0330] "GET /swagger-ui/index.html HTTP/1.1" 304 -
0:0:0:0:0:0:0:1 - - [20/Feb/2022:12:33:07 +0330] "GET /services/camel-rest-client-docs/v3/api-docs/swagger-config HTTP/1.1" 404 155
0:0:0:0:0:0:0:1 - - [20/Feb/2022:12:33:07 +0330] "GET /swagger-ui/index.html HTTP/1.1" 304 -
0:0:0:0:0:0:0:1 - - [20/Feb/2022:12:33:08 +0330] "GET /services/camel-rest-client-docs/v3/api-docs/swagger-config HTTP/1.1" 404 155
0:0:0:0:0:0:0:1 - - [20/Feb/2022:12:33:08 +0330] "GET /services/camel-rest-client/v3/api-docs HTTP/1.1" 404 276
0:0:0:0:0:0:0:1 - - [20/Feb/2022:12:33:31 +0330] "GET /services/camel-rest-client/v2/api-docs HTTP/1.1" 200 562
0:0:0:0:0:0:0:1 - - [20/Feb/2022:12:33:41 +0330] "GET /swagger-ui/index.html HTTP/1.1" 304 -
0:0:0:0:0:0:0:1 - - [20/Feb/2022:12:33:41 +0330] "GET /services/camel-rest-client-docs/v3/api-docs/swagger-config HTTP/1.1" 404 155
0:0:0:0:0:0:0:1 - - [20/Feb/2022:12:34:53 +0330] "GET /swagger-ui/index.html HTTP/1.1" 304 -
0:0:0:0:0:0:0:1 - - [20/Feb/2022:12:34:53 +0330] "GET /services/camel-rest-client-docs/v3/api-docs/swagger-config HTTP/1.1" 404 155
0:0:0:0:0:0:0:1 - - [20/Feb/2022:12:34:54 +0330] "GET /swagger-ui/index.html HTTP/1.1" 304 -
0:0:0:0:0:0:0:1 - - [20/Feb/2022:12:34:54 +0330] "GET /services/camel-rest-client-docs/v3/api-docs/swagger-config HTTP/1.1" 404 155
0:0:0:0:0:0:0:1 - - [20/Feb/2022:12:34:54 +0330] "GET /swagger-ui/index.html HTTP/1.1" 304 -
0:0:0:0:0:0:0:1 - - [20/Feb/2022:12:34:54 +0330] "GET /services/camel-rest-client-docs/v3/api-docs/swagger-config HTTP/1.1" 404 155
0:0:0:0:0:0:0:1 - - [20/Feb/2022:12:34:55 +0330] "GET /swagger-ui/index.html HTTP/1.1" 304 -
0:0:0:0:0:0:0:1 - - [20/Feb/2022:12:34:55 +0330] "GET /services/camel-rest-client-docs/v3/api-docs/swagger-config HTTP/1.1" 404 155
0:0:0:0:0:0:0:1 - - [20/Feb/2022:12:34:55 +0330] "GET /swagger-ui/index.html HTTP/1.1" 304 -
0:0:0:0:0:0:0:1 - - [20/Feb/2022:12:34:55 +0330] "GET /services/camel-rest-client-docs/v3/api-docs/swagger-config HTTP/1.1" 404 155
0:0:0:0:0:0:0:1 - - [20/Feb/2022:12:34:55 +0330] "GET /swagger-ui/index.html HTTP/1.1" 304 -
0:0:0:0:0:0:0:1 - - [20/Feb/2022:12:34:55 +0330] "GET /services/camel-rest-client-docs/v3/api-docs/swagger-config HTTP/1.1" 404 155
0:0:0:0:0:0:0:1 - - [20/Feb/2022:12:34:55 +0330] "GET /swagger-ui/index.html HTTP/1.1" 304 -
0:0:0:0:0:0:0:1 - - [20/Feb/2022:12:34:55 +0330] "GET /services/camel-rest-client-docs/v3/api-docs/swagger-config HTTP/1.1" 404 155
0:0:0:0:0:0:0:1 - - [20/Feb/2022:12:34:55 +0330] "GET /swagger-ui/index.html HTTP/1.1" 304 -
0:0:0:0:0:0:0:1 - - [20/Feb/2022:12:34:55 +0330] "GET /services/camel-rest-client-docs/v3/api-docs/swagger-config HTTP/1.1" 404 155
0:0:0:0:0:0:0:1 - - [20/Feb/2022:12:35:11 +0330] "GET /services/camel-rest-client-docs/v2/api-docs HTTP/1.1" 200 562
0:0:0:0:0:0:0:1 - - [20/Feb/2022:12:35:14 +0330] "GET /services/camel-rest-client/v2/api-docs HTTP/1.1" 200 562
0:0:0:0:0:0:0:1 - - [20/Feb/2022:12:35:21 +0330] "GET /services/camel-rest-client-docs/v2/api-docs HTTP/1.1" 200 180
0:0:0:0:0:0:0:1 - - [20/Feb/2022:12:35:28 +0330] "GET /services/camel-rest-client/v2/api-docs HTTP/1.1" 200 562
0:0:0:0:0:0:0:1 - - [20/Feb/2022:12:38:12 +0330] "GET /swagger-ui/index.html HTTP/1.1" 304 -
0:0:0:0:0:0:0:1 - - [20/Feb/2022:12:38:13 +0330] "GET /services/camel-rest-client-docs/v3/api-docs/swagger-config HTTP/1.1" 404 155
0:0:0:0:0:0:0:1 - - [20/Feb/2022:12:38:14 +0330] "GET /swagger-ui/index.html HTTP/1.1" 304 -
0:0:0:0:0:0:0:1 - - [20/Feb/2022:12:38:14 +0330] "GET /services/camel-rest-client-docs/v3/api-docs/swagger-config HTTP/1.1" 404 155
0:0:0:0:0:0:0:1 - - [20/Feb/2022:12:38:14 +0330] "GET /swagger-ui/index.html HTTP/1.1" 304 -
0:0:0:0:0:0:0:1 - - [20/Feb/2022:12:38:14 +0330] "GET /services/camel-rest-client-docs/v3/api-docs/swagger-config HTTP/1.1" 404 155
0:0:0:0:0:0:0:1 - - [20/Feb/2022:12:38:14 +0330] "GET /swagger-ui/index.html HTTP/1.1" 304 -
0:0:0:0:0:0:0:1 - - [20/Feb/2022:12:38:14 +0330] "GET /services/camel-rest-client-docs/v3/api-docs/swagger-config HTTP/1.1" 404 155
0:0:0:0:0:0:0:1 - - [20/Feb/2022:12:38:14 +0330] "GET /swagger-ui/index.html HTTP/1.1" 304 -
0:0:0:0:0:0:0:1 - - [20/Feb/2022:12:38:14 +0330] "GET /services/camel-rest-client-docs/v3/api-docs/swagger-config HTTP/1.1" 404 155
0:0:0:0:0:0:0:1 - - [20/Feb/2022:12:38:15 +0330] "GET /swagger-ui/index.html HTTP/1.1" 304 -
0:0:0:0:0:0:0:1 - - [20/Feb/2022:12:38:15 +0330] "GET /services/camel-rest-client-docs/v3/api-docs/swagger-config HTTP/1.1" 404 155
0:0:0:0:0:0:0:1 - - [20/Feb/2022:12:38:15 +0330] "GET /swagger-ui/index.html HTTP/1.1" 304 -
0:0:0:0:0:0:0:1 - - [20/Feb/2022:12:38:15 +0330] "GET /services/camel-rest-client-docs/v3/api-docs/swagger-config HTTP/1.1" 404 155
0:0:0:0:0:0:0:1 - - [20/Feb/2022:12:38:15 +0330] "GET /swagger-ui/index.html HTTP/1.1" 304 -
0:0:0:0:0:0:0:1 - - [20/Feb/2022:12:38:15 +0330] "GET /services/camel-rest-client-docs/v3/api-docs/swagger-config HTTP/1.1" 404 155
0:0:0:0:0:0:0:1 - - [20/Feb/2022:12:40:30 +0330] "GET /swagger-ui/index.html HTTP/1.1" 304 -
0:0:0:0:0:0:0:1 - - [20/Feb/2022:12:40:30 +0330] "GET /services/camel-rest-client-docs/v3/api-docs/swagger-config HTTP/1.1" 404 155
0:0:0:0:0:0:0:1 - - [20/Feb/2022:12:40:31 +0330] "GET /swagger-ui/index.html HTTP/1.1" 304 -
0:0:0:0:0:0:0:1 - - [20/Feb/2022:12:40:31 +0330] "GET /services/camel-rest-client-docs/v3/api-docs/swagger-config HTTP/1.1" 404 155
0:0:0:0:0:0:0:1 - - [20/Feb/2022:12:40:31 +0330] "GET /swagger-ui/index.html HTTP/1.1" 304 -
0:0:0:0:0:0:0:1 - - [20/Feb/2022:12:40:31 +0330] "GET /services/camel-rest-client-docs/v3/api-docs/swagger-config HTTP/1.1" 404 155
0:0:0:0:0:0:0:1 - - [20/Feb/2022:12:40:50 +0330] "GET /swagger-ui/index.html HTTP/1.1" 304 -
0:0:0:0:0:0:0:1 - - [20/Feb/2022:12:40:50 +0330] "GET /services/camel-rest-client-docs/v3/api-docs/swagger-config HTTP/1.1" 404 155
0:0:0:0:0:0:0:1 - - [20/Feb/2022:12:40:51 +0330] "GET /swagger-ui/index.html HTTP/1.1" 304 -
0:0:0:0:0:0:0:1 - - [20/Feb/2022:12:40:51 +0330] "GET /services/camel-rest-client-docs/v3/api-docs/swagger-config HTTP/1.1" 404 155
0:0:0:0:0:0:0:1 - - [20/Feb/2022:12:40:51 +0330] "GET /swagger-ui/index.html HTTP/1.1" 304 -
0:0:0:0:0:0:0:1 - - [20/Feb/2022:12:40:51 +0330] "GET /services/camel-rest-client-docs/v3/api-docs/swagger-config HTTP/1.1" 404 155
0:0:0:0:0:0:0:1 - - [20/Feb/2022:12:40:51 +0330] "GET /swagger-ui/index.html HTTP/1.1" 304 -
0:0:0:0:0:0:0:1 - - [20/Feb/2022:12:40:51 +0330] "GET /services/camel-rest-client-docs/v3/api-docs/swagger-config HTTP/1.1" 404 155
0:0:0:0:0:0:0:1 - - [20/Feb/2022:12:40:51 +0330] "GET /swagger-ui/index.html HTTP/1.1" 304 -
0:0:0:0:0:0:0:1 - - [20/Feb/2022:12:40:51 +0330] "GET /services/camel-rest-client-docs/v3/api-docs/swagger-config HTTP/1.1" 404 155
0:0:0:0:0:0:0:1 - - [20/Feb/2022:13:15:23 +0330] "GET /swagger-ui/index.html HTTP/1.1" 304 -
0:0:0:0:0:0:0:1 - - [20/Feb/2022:13:15:23 +0330] "GET /services/camel-rest-client-docs/v3/api-docs/swagger-config HTTP/1.1" 404 155
0:0:0:0:0:0:0:1 - - [20/Feb/2022:13:15:25 +0330] "GET /swagger-ui/index.html HTTP/1.1" 304 -
0:0:0:0:0:0:0:1 - - [20/Feb/2022:13:15:25 +0330] "GET /services/camel-rest-client-docs/v3/api-docs/swagger-config HTTP/1.1" 404 155
0:0:0:0:0:0:0:1 - - [20/Feb/2022:13:16:01 +0330] "GET /swagger-ui/index.html HTTP/1.1" 304 -
0:0:0:0:0:0:0:1 - - [20/Feb/2022:13:16:01 +0330] "GET /services/camel-rest-client-docs/v3/api-docs/swagger-config HTTP/1.1" 404 155
0:0:0:0:0:0:0:1 - - [20/Feb/2022:13:16:02 +0330] "GET /swagger-ui/index.html HTTP/1.1" 304 -
0:0:0:0:0:0:0:1 - - [20/Feb/2022:13:16:02 +0330] "GET /services/camel-rest-client-docs/v3/api-docs/swagger-config HTTP/1.1" 404 155
0:0:0:0:0:0:0:1 - - [20/Feb/2022:13:16:02 +0330] "GET /swagger-ui/index.html HTTP/1.1" 304 -
0:0:0:0:0:0:0:1 - - [20/Feb/2022:13:16:02 +0330] "GET /services/camel-rest-client-docs/v3/api-docs/swagger-config HTTP/1.1" 404 155
0:0:0:0:0:0:0:1 - - [20/Feb/2022:13:16:02 +0330] "GET /swagger-ui/index.html HTTP/1.1" 304 -
0:0:0:0:0:0:0:1 - - [20/Feb/2022:13:16:02 +0330] "GET /services/camel-rest-client-docs/v3/api-docs/swagger-config HTTP/1.1" 404 155
0:0:0:0:0:0:0:1 - - [20/Feb/2022:13:16:02 +0330] "GET /swagger-ui/index.html HTTP/1.1" 304 -
0:0:0:0:0:0:0:1 - - [20/Feb/2022:13:16:02 +0330] "GET /services/camel-rest-client-docs/v3/api-docs/swagger-config HTTP/1.1" 404 155
0:0:0:0:0:0:0:1 - - [20/Feb/2022:13:16:02 +0330] "GET /swagger-ui/index.html HTTP/1.1" 304 -
0:0:0:0:0:0:0:1 - - [20/Feb/2022:13:16:03 +0330] "GET /services/camel-rest-client-docs/v3/api-docs/swagger-config HTTP/1.1" 404 155
0:0:0:0:0:0:0:1 - - [20/Feb/2022:13:16:03 +0330] "GET /swagger-ui/index.html HTTP/1.1" 304 -
0:0:0:0:0:0:0:1 - - [20/Feb/2022:13:16:03 +0330] "GET /services/camel-rest-client-docs/v3/api-docs/swagger-config HTTP/1.1" 404 155
0:0:0:0:0:0:0:1 - - [20/Feb/2022:13:16:03 +0330] "GET /swagger-ui/index.html HTTP/1.1" 304 -
0:0:0:0:0:0:0:1 - - [20/Feb/2022:13:16:03 +0330] "GET /services/camel-rest-client-docs/v3/api-docs/swagger-config HTTP/1.1" 404 155
0:0:0:0:0:0:0:1 - - [20/Feb/2022:13:16:09 +0330] "GET /swagger-ui.html HTTP/1.1" 302 -
0:0:0:0:0:0:0:1 - - [20/Feb/2022:13:16:09 +0330] "GET /services/camel-rest-client-docs/v3/api-docs/swagger-config HTTP/1.1" 404 155
0:0:0:0:0:0:0:1 - - [20/Feb/2022:13:16:17 +0330] "GET /services/camel-rest-client-docs/v2/api-docs HTTP/1.1" 404 276
0:0:0:0:0:0:0:1 - - [20/Feb/2022:13:16:22 +0330] "GET /services/camel-rest-client/v3/api-docs HTTP/1.1" 200 562
0:0:0:0:0:0:0:1 - - [20/Feb/2022:13:17:41 +0330] "GET /swagger-ui/index.html HTTP/1.1" 304 -
0:0:0:0:0:0:0:1 - - [20/Feb/2022:13:17:41 +0330] "GET /services/camel-rest-client-docs/v3/api-docs/swagger-config HTTP/1.1" 404 155
0:0:0:0:0:0:0:1 - - [20/Feb/2022:13:17:42 +0330] "GET /swagger-ui/index.html HTTP/1.1" 304 -
0:0:0:0:0:0:0:1 - - [20/Feb/2022:13:17:42 +0330] "GET /services/camel-rest-client-docs/v3/api-docs/swagger-config HTTP/1.1" 404 155
0:0:0:0:0:0:0:1 - - [20/Feb/2022:13:17:42 +0330] "GET /swagger-ui/index.html HTTP/1.1" 304 -
0:0:0:0:0:0:0:1 - - [20/Feb/2022:13:17:42 +0330] "GET /services/camel-rest-client-docs/v3/api-docs/swagger-config HTTP/1.1" 404 155
0:0:0:0:0:0:0:1 - - [20/Feb/2022:13:18:22 +0330] "GET /swagger-ui/index.html HTTP/1.1" 304 -
0:0:0:0:0:0:0:1 - - [20/Feb/2022:13:18:22 +0330] "GET /services/camel-rest-client-docs/v3/api-docs/swagger-config HTTP/1.1" 404 155
0:0:0:0:0:0:0:1 - - [20/Feb/2022:13:18:31 +0330] "GET /swagger-ui/index.html HTTP/1.1" 304 -
0:0:0:0:0:0:0:1 - - [20/Feb/2022:13:18:31 +0330] "GET /services/camel-rest-client-docs/v3/api-docs/swagger-config HTTP/1.1" 404 155
0:0:0:0:0:0:0:1 - - [20/Feb/2022:13:29:00 +0330] "GET /swagger-ui/index.html HTTP/1.1" 304 -
0:0:0:0:0:0:0:1 - - [20/Feb/2022:13:29:00 +0330] "GET /services/camel-rest-client-docs/v3/api-docs/swagger-config HTTP/1.1" 404 155
0:0:0:0:0:0:0:1 - - [20/Feb/2022:13:29:00 +0330] "GET /swagger-ui/index.html HTTP/1.1" 304 -
0:0:0:0:0:0:0:1 - - [20/Feb/2022:13:29:00 +0330] "GET /services/camel-rest-client-docs/v3/api-docs/swagger-config HTTP/1.1" 404 155
0:0:0:0:0:0:0:1 - - [20/Feb/2022:13:29:00 +0330] "GET /swagger-ui/index.html HTTP/1.1" 304 -
0:0:0:0:0:0:0:1 - - [20/Feb/2022:13:29:01 +0330] "GET /services/camel-rest-client-docs/v3/api-docs/swagger-config HTTP/1.1" 404 155
0:0:0:0:0:0:0:1 - - [20/Feb/2022:13:29:01 +0330] "GET /swagger-ui/index.html HTTP/1.1" 304 -
0:0:0:0:0:0:0:1 - - [20/Feb/2022:13:29:01 +0330] "GET /services/camel-rest-client-docs/v3/api-docs/swagger-config HTTP/1.1" 404 155
0:0:0:0:0:0:0:1 - - [20/Feb/2022:13:29:01 +0330] "GET /swagger-ui/index.html HTTP/1.1" 304 -
0:0:0:0:0:0:0:1 - - [20/Feb/2022:13:29:01 +0330] "GET /services/camel-rest-client-docs/v3/api-docs/swagger-config HTTP/1.1" 404 155
0:0:0:0:0:0:0:1 - - [20/Feb/2022:13:29:01 +0330] "GET /swagger-ui/index.html HTTP/1.1" 304 -
0:0:0:0:0:0:0:1 - - [20/Feb/2022:13:29:01 +0330] "GET /services/camel-rest-client-docs/v3/api-docs/swagger-config HTTP/1.1" 404 155
0:0:0:0:0:0:0:1 - - [20/Feb/2022:13:29:01 +0330] "GET /swagger-ui/index.html HTTP/1.1" 304 -
0:0:0:0:0:0:0:1 - - [20/Feb/2022:13:29:01 +0330] "GET /services/camel-rest-client-docs/v3/api-docs/swagger-config HTTP/1.1" 404 155
0:0:0:0:0:0:0:1 - - [20/Feb/2022:13:29:01 +0330] "GET /swagger-ui/index.html HTTP/1.1" 304 -
0:0:0:0:0:0:0:1 - - [20/Feb/2022:13:29:01 +0330] "GET /services/camel-rest-client-docs/v3/api-docs/swagger-config HTTP/1.1" 404 155
0:0:0:0:0:0:0:1 - - [20/Feb/2022:13:29:01 +0330] "GET /swagger-ui/index.html HTTP/1.1" 304 -
0:0:0:0:0:0:0:1 - - [20/Feb/2022:13:29:01 +0330] "GET /services/camel-rest-client-docs/v3/api-docs/swagger-config HTTP/1.1" 404 155
0:0:0:0:0:0:0:1 - - [20/Feb/2022:13:29:02 +0330] "GET /swagger-ui/index.html HTTP/1.1" 304 -
0:0:0:0:0:0:0:1 - - [20/Feb/2022:13:29:02 +0330] "GET /services/camel-rest-client-docs/v3/api-docs/swagger-config HTTP/1.1" 404 155
0:0:0:0:0:0:0:1 - - [20/Feb/2022:13:29:02 +0330] "GET /swagger-ui/index.html HTTP/1.1" 304 -
0:0:0:0:0:0:0:1 - - [20/Feb/2022:13:29:02 +0330] "GET /services/camel-rest-client-docs/v3/api-docs/swagger-config HTTP/1.1" 404 155
0:0:0:0:0:0:0:1 - - [20/Feb/2022:13:29:02 +0330] "GET /swagger-ui/index.html HTTP/1.1" 304 -
0:0:0:0:0:0:0:1 - - [20/Feb/2022:13:29:02 +0330] "GET /services/camel-rest-client-docs/v3/api-docs/swagger-config HTTP/1.1" 404 155
0:0:0:0:0:0:0:1 - - [20/Feb/2022:13:29:06 +0330] "GET /swagger-ui.html HTTP/1.1" 302 -
0:0:0:0:0:0:0:1 - - [20/Feb/2022:13:29:06 +0330] "GET /services/camel-rest-client-docs/v3/api-docs/swagger-config HTTP/1.1" 404 155
0:0:0:0:0:0:0:1 - - [20/Feb/2022:13:29:33 +0330] "GET /swagger-ui/index.html HTTP/1.1" 304 -
0:0:0:0:0:0:0:1 - - [20/Feb/2022:13:29:33 +0330] "GET /services/camel-rest-client-docs/v3/api-docs/swagger-config HTTP/1.1" 404 155
0:0:0:0:0:0:0:1 - - [20/Feb/2022:13:29:34 +0330] "GET /swagger-ui/index.html HTTP/1.1" 304 -
0:0:0:0:0:0:0:1 - - [20/Feb/2022:13:29:34 +0330] "GET /services/camel-rest-client-docs/v3/api-docs/swagger-config HTTP/1.1" 404 155
0:0:0:0:0:0:0:1 - - [20/Feb/2022:13:29:34 +0330] "GET /swagger-ui/index.html HTTP/1.1" 304 -
0:0:0:0:0:0:0:1 - - [20/Feb/2022:13:29:34 +0330] "GET /services/camel-rest-client-docs/v3/api-docs/swagger-config HTTP/1.1" 404 155
0:0:0:0:0:0:0:1 - - [20/Feb/2022:13:29:34 +0330] "GET /swagger-ui/index.html HTTP/1.1" 304 -
0:0:0:0:0:0:0:1 - - [20/Feb/2022:13:29:34 +0330] "GET /services/camel-rest-client-docs/v3/api-docs/swagger-config HTTP/1.1" 404 155
0:0:0:0:0:0:0:1 - - [20/Feb/2022:13:29:34 +0330] "GET /swagger-ui/index.html HTTP/1.1" 304 -
0:0:0:0:0:0:0:1 - - [20/Feb/2022:13:29:34 +0330] "GET /services/camel-rest-client-docs/v3/api-docs/swagger-config HTTP/1.1" 404 155
0:0:0:0:0:0:0:1 - - [20/Feb/2022:13:29:34 +0330] "GET /swagger-ui/index.html HTTP/1.1" 304 -
0:0:0:0:0:0:0:1 - - [20/Feb/2022:13:29:34 +0330] "GET /services/camel-rest-client-docs/v3/api-docs/swagger-config HTTP/1.1" 404 155
0:0:0:0:0:0:0:1 - - [20/Feb/2022:13:29:34 +0330] "GET /swagger-ui/index.html HTTP/1.1" 304 -
0:0:0:0:0:0:0:1 - - [20/Feb/2022:13:29:34 +0330] "GET /services/camel-rest-client-docs/v3/api-docs/swagger-config HTTP/1.1" 404 155
0:0:0:0:0:0:0:1 - - [20/Feb/2022:13:29:34 +0330] "GET /swagger-ui/index.html HTTP/1.1" 304 -
0:0:0:0:0:0:0:1 - - [20/Feb/2022:13:29:35 +0330] "GET /services/camel-rest-client-docs/v3/api-docs/swagger-config HTTP/1.1" 404 155
0:0:0:0:0:0:0:1 - - [20/Feb/2022:13:30:11 +0330] "GET /swagger-ui/index.html HTTP/1.1" 304 -
0:0:0:0:0:0:0:1 - - [20/Feb/2022:13:30:11 +0330] "GET /services/camel-rest-client-docs/v3/api-docs/swagger-config HTTP/1.1" 404 155
0:0:0:0:0:0:0:1 - - [20/Feb/2022:13:30:11 +0330] "GET /swagger-ui/index.html HTTP/1.1" 304 -
0:0:0:0:0:0:0:1 - - [20/Feb/2022:13:30:11 +0330] "GET /services/camel-rest-client-docs/v3/api-docs/swagger-config HTTP/1.1" 404 155
0:0:0:0:0:0:0:1 - - [20/Feb/2022:13:30:12 +0330] "GET /swagger-ui/index.html HTTP/1.1" 304 -
0:0:0:0:0:0:0:1 - - [20/Feb/2022:13:30:12 +0330] "GET /services/camel-rest-client-docs/v3/api-docs/swagger-config HTTP/1.1" 404 155
0:0:0:0:0:0:0:1 - - [20/Feb/2022:13:30:12 +0330] "GET /swagger-ui/index.html HTTP/1.1" 304 -
0:0:0:0:0:0:0:1 - - [20/Feb/2022:13:30:12 +0330] "GET /services/camel-rest-client-docs/v3/api-docs/swagger-config HTTP/1.1" 404 155
0:0:0:0:0:0:0:1 - - [20/Feb/2022:13:30:12 +0330] "GET /swagger-ui/index.html HTTP/1.1" 304 -
0:0:0:0:0:0:0:1 - - [20/Feb/2022:13:30:12 +0330] "GET /services/camel-rest-client-docs/v3/api-docs/swagger-config HTTP/1.1" 404 155
0:0:0:0:0:0:0:1 - - [20/Feb/2022:13:30:12 +0330] "GET /swagger-ui/index.html HTTP/1.1" 304 -
0:0:0:0:0:0:0:1 - - [20/Feb/2022:13:30:12 +0330] "GET /services/camel-rest-client-docs/v3/api-docs/swagger-config HTTP/1.1" 404 155
0:0:0:0:0:0:0:1 - - [20/Feb/2022:13:30:12 +0330] "GET /swagger-ui/index.html HTTP/1.1" 304 -
0:0:0:0:0:0:0:1 - - [20/Feb/2022:13:30:12 +0330] "GET /services/camel-rest-client-docs/v3/api-docs/swagger-config HTTP/1.1" 404 155
0:0:0:0:0:0:0:1 - - [20/Feb/2022:13:30:12 +0330] "GET /swagger-ui/index.html HTTP/1.1" 304 -
0:0:0:0:0:0:0:1 - - [20/Feb/2022:13:30:13 +0330] "GET /services/camel-rest-client-docs/v3/api-docs/swagger-config HTTP/1.1" 404 155
0:0:0:0:0:0:0:1 - - [20/Feb/2022:13:30:13 +0330] "GET /swagger-ui/index.html HTTP/1.1" 304 -
0:0:0:0:0:0:0:1 - - [20/Feb/2022:13:30:13 +0330] "GET /services/camel-rest-client-docs/v3/api-docs/swagger-config HTTP/1.1" 404 155
0:0:0:0:0:0:0:1 - - [20/Feb/2022:13:30:13 +0330] "GET /swagger-ui/index.html HTTP/1.1" 304 -
0:0:0:0:0:0:0:1 - - [20/Feb/2022:13:30:13 +0330] "GET /services/camel-rest-client-docs/v3/api-docs/swagger-config HTTP/1.1" 404 155
0:0:0:0:0:0:0:1 - - [20/Feb/2022:13:30:13 +0330] "GET /swagger-ui/index.html HTTP/1.1" 304 -
0:0:0:0:0:0:0:1 - - [20/Feb/2022:13:30:13 +0330] "GET /services/camel-rest-client-docs/v3/api-docs/swagger-config HTTP/1.1" 404 155
0:0:0:0:0:0:0:1 - - [20/Feb/2022:13:30:13 +0330] "GET /swagger-ui/index.html HTTP/1.1" 304 -
0:0:0:0:0:0:0:1 - - [20/Feb/2022:13:30:13 +0330] "GET /services/camel-rest-client-docs/v3/api-docs/swagger-config HTTP/1.1" 404 155
0:0:0:0:0:0:0:1 - - [20/Feb/2022:13:30:13 +0330] "GET /swagger-ui/index.html HTTP/1.1" 304 -
0:0:0:0:0:0:0:1 - - [20/Feb/2022:13:30:13 +0330] "GET /services/camel-rest-client-docs/v3/api-docs/swagger-config HTTP/1.1" 404 155
0:0:0:0:0:0:0:1 - - [20/Feb/2022:13:30:14 +0330] "GET /swagger-ui/index.html HTTP/1.1" 304 -
0:0:0:0:0:0:0:1 - - [20/Feb/2022:13:30:14 +0330] "GET /services/camel-rest-client-docs/v3/api-docs/swagger-config HTTP/1.1" 404 155
0:0:0:0:0:0:0:1 - - [20/Feb/2022:13:30:14 +0330] "GET /swagger-ui/index.html HTTP/1.1" 304 -
0:0:0:0:0:0:0:1 - - [20/Feb/2022:13:30:14 +0330] "GET /services/camel-rest-client-docs/v3/api-docs/swagger-config HTTP/1.1" 404 155
0:0:0:0:0:0:0:1 - - [20/Feb/2022:13:30:14 +0330] "GET /swagger-ui/index.html HTTP/1.1" 304 -
0:0:0:0:0:0:0:1 - - [20/Feb/2022:13:30:14 +0330] "GET /services/camel-rest-client-docs/v3/api-docs/swagger-config HTTP/1.1" 404 155
0:0:0:0:0:0:0:1 - - [20/Feb/2022:13:30:14 +0330] "GET /swagger-ui/index.html HTTP/1.1" 304 -
0:0:0:0:0:0:0:1 - - [20/Feb/2022:13:30:14 +0330] "GET /services/camel-rest-client-docs/v3/api-docs/swagger-config HTTP/1.1" 404 155
0:0:0:0:0:0:0:1 - - [20/Feb/2022:13:30:14 +0330] "GET /swagger-ui/index.html HTTP/1.1" 304 -
0:0:0:0:0:0:0:1 - - [20/Feb/2022:13:30:14 +0330] "GET /services/camel-rest-client-docs/v3/api-docs/swagger-config HTTP/1.1" 404 155
0:0:0:0:0:0:0:1 - - [20/Feb/2022:13:30:14 +0330] "GET /swagger-ui/index.html HTTP/1.1" 304 -
0:0:0:0:0:0:0:1 - - [20/Feb/2022:13:30:15 +0330] "GET /services/camel-rest-client-docs/v3/api-docs/swagger-config HTTP/1.1" 404 155
0:0:0:0:0:0:0:1 - - [20/Feb/2022:13:30:15 +0330] "GET /swagger-ui/index.html HTTP/1.1" 304 -
0:0:0:0:0:0:0:1 - - [20/Feb/2022:13:30:15 +0330] "GET /services/camel-rest-client-docs/v3/api-docs/swagger-config HTTP/1.1" 404 155
0:0:0:0:0:0:0:1 - - [20/Feb/2022:13:30:15 +0330] "GET /swagger-ui/index.html HTTP/1.1" 304 -
0:0:0:0:0:0:0:1 - - [20/Feb/2022:13:30:15 +0330] "GET /services/camel-rest-client-docs/v3/api-docs/swagger-config HTTP/1.1" 404 155
0:0:0:0:0:0:0:1 - - [20/Feb/2022:13:30:15 +0330] "GET /swagger-ui/index.html HTTP/1.1" 304 -
0:0:0:0:0:0:0:1 - - [20/Feb/2022:13:30:15 +0330] "GET /services/camel-rest-client-docs/v3/api-docs/swagger-config HTTP/1.1" 404 155
0:0:0:0:0:0:0:1 - - [20/Feb/2022:13:30:15 +0330] "GET /swagger-ui/index.html HTTP/1.1" 304 -
0:0:0:0:0:0:0:1 - - [20/Feb/2022:13:30:15 +0330] "GET /services/camel-rest-client-docs/v3/api-docs/swagger-config HTTP/1.1" 404 155
0:0:0:0:0:0:0:1 - - [20/Feb/2022:13:30:15 +0330] "GET /swagger-ui/index.html HTTP/1.1" 304 -
0:0:0:0:0:0:0:1 - - [20/Feb/2022:13:30:15 +0330] "GET /services/camel-rest-client-docs/v3/api-docs/swagger-config HTTP/1.1" 404 155
0:0:0:0:0:0:0:1 - - [20/Feb/2022:13:30:15 +0330] "GET /swagger-ui/index.html HTTP/1.1" 304 -
0:0:0:0:0:0:0:1 - - [20/Feb/2022:13:30:15 +0330] "GET /services/camel-rest-client-docs/v3/api-docs/swagger-config HTTP/1.1" 404 155
0:0:0:0:0:0:0:1 - - [20/Feb/2022:13:30:16 +0330] "GET /swagger-ui/index.html HTTP/1.1" 304 -
0:0:0:0:0:0:0:1 - - [20/Feb/2022:13:30:16 +0330] "GET /services/camel-rest-client-docs/v3/api-docs/swagger-config HTTP/1.1" 404 155
0:0:0:0:0:0:0:1 - - [20/Feb/2022:13:32:42 +0330] "GET /swagger-ui/index.html HTTP/1.1" 304 -
0:0:0:0:0:0:0:1 - - [20/Feb/2022:13:32:42 +0330] "GET /services/camel-rest-client-docs/v3/api-docs/swagger-config HTTP/1.1" 404 155
0:0:0:0:0:0:0:1 - - [20/Feb/2022:13:32:43 +0330] "GET /swagger-ui/index.html HTTP/1.1" 304 -
0:0:0:0:0:0:0:1 - - [20/Feb/2022:13:32:43 +0330] "GET /services/camel-rest-client-docs/v3/api-docs/swagger-config HTTP/1.1" 404 155
0:0:0:0:0:0:0:1 - - [20/Feb/2022:13:32:43 +0330] "GET /swagger-ui/index.html HTTP/1.1" 304 -
0:0:0:0:0:0:0:1 - - [20/Feb/2022:13:32:43 +0330] "GET /services/camel-rest-client-docs/v3/api-docs/swagger-config HTTP/1.1" 404 155
0:0:0:0:0:0:0:1 - - [20/Feb/2022:13:32:43 +0330] "GET /swagger-ui/index.html HTTP/1.1" 304 -
0:0:0:0:0:0:0:1 - - [20/Feb/2022:13:32:43 +0330] "GET /services/camel-rest-client-docs/v3/api-docs/swagger-config HTTP/1.1" 404 155
0:0:0:0:0:0:0:1 - - [20/Feb/2022:13:32:43 +0330] "GET /swagger-ui/index.html HTTP/1.1" 304 -
0:0:0:0:0:0:0:1 - - [20/Feb/2022:13:32:43 +0330] "GET /services/camel-rest-client-docs/v3/api-docs/swagger-config HTTP/1.1" 404 155
0:0:0:0:0:0:0:1 - - [20/Feb/2022:13:32:43 +0330] "GET /swagger-ui/index.html HTTP/1.1" 304 -
0:0:0:0:0:0:0:1 - - [20/Feb/2022:13:32:44 +0330] "GET /services/camel-rest-client-docs/v3/api-docs/swagger-config HTTP/1.1" 404 155
0:0:0:0:0:0:0:1 - - [20/Feb/2022:13:32:44 +0330] "GET /swagger-ui/index.html HTTP/1.1" 304 -
0:0:0:0:0:0:0:1 - - [20/Feb/2022:13:32:44 +0330] "GET /services/camel-rest-client-docs/v3/api-docs/swagger-config HTTP/1.1" 404 155
0:0:0:0:0:0:0:1 - - [20/Feb/2022:13:32:44 +0330] "GET /swagger-ui/index.html HTTP/1.1" 304 -
0:0:0:0:0:0:0:1 - - [20/Feb/2022:13:32:44 +0330] "GET /services/camel-rest-client-docs/v3/api-docs/swagger-config HTTP/1.1" 404 155
0:0:0:0:0:0:0:1 - - [20/Feb/2022:13:32:44 +0330] "GET /swagger-ui/index.html HTTP/1.1" 304 -
0:0:0:0:0:0:0:1 - - [20/Feb/2022:13:32:44 +0330] "GET /services/camel-rest-client-docs/v3/api-docs/swagger-config HTTP/1.1" 404 155
0:0:0:0:0:0:0:1 - - [20/Feb/2022:13:32:44 +0330] "GET /swagger-ui/index.html HTTP/1.1" 304 -
0:0:0:0:0:0:0:1 - - [20/Feb/2022:13:32:44 +0330] "GET /services/camel-rest-client-docs/v3/api-docs/swagger-config HTTP/1.1" 404 155
0:0:0:0:0:0:0:1 - - [20/Feb/2022:13:32:44 +0330] "GET /swagger-ui/index.html HTTP/1.1" 304 -
0:0:0:0:0:0:0:1 - - [20/Feb/2022:13:32:44 +0330] "GET /services/camel-rest-client-docs/v3/api-docs/swagger-config HTTP/1.1" 404 155
0:0:0:0:0:0:0:1 - - [20/Feb/2022:13:32:44 +0330] "GET /swagger-ui/index.html HTTP/1.1" 304 -
0:0:0:0:0:0:0:1 - - [20/Feb/2022:13:32:45 +0330] "GET /services/camel-rest-client-docs/v3/api-docs/swagger-config HTTP/1.1" 404 155
0:0:0:0:0:0:0:1 - - [20/Feb/2022:13:32:45 +0330] "GET /swagger-ui/index.html HTTP/1.1" 304 -
0:0:0:0:0:0:0:1 - - [20/Feb/2022:13:32:45 +0330] "GET /services/camel-rest-client-docs/v3/api-docs/swagger-config HTTP/1.1" 404 155
0:0:0:0:0:0:0:1 - - [20/Feb/2022:13:33:44 +0330] "GET /swagger-ui/index.html HTTP/1.1" 304 -
0:0:0:0:0:0:0:1 - - [20/Feb/2022:13:33:44 +0330] "GET /services/camel-rest-client-docs/v3/api-docs/swagger-config HTTP/1.1" 404 155
0:0:0:0:0:0:0:1 - - [20/Feb/2022:13:33:44 +0330] "GET /swagger-ui/index.html HTTP/1.1" 304 -
0:0:0:0:0:0:0:1 - - [20/Feb/2022:13:33:45 +0330] "GET /services/camel-rest-client-docs/v3/api-docs/swagger-config HTTP/1.1" 404 155
0:0:0:0:0:0:0:1 - - [20/Feb/2022:13:33:45 +0330] "GET /swagger-ui/index.html HTTP/1.1" 304 -
0:0:0:0:0:0:0:1 - - [20/Feb/2022:13:33:45 +0330] "GET /services/camel-rest-client-docs/v3/api-docs/swagger-config HTTP/1.1" 404 155
0:0:0:0:0:0:0:1 - - [20/Feb/2022:13:33:45 +0330] "GET /swagger-ui/index.html HTTP/1.1" 304 -
0:0:0:0:0:0:0:1 - - [20/Feb/2022:13:33:45 +0330] "GET /services/camel-rest-client-docs/v3/api-docs/swagger-config HTTP/1.1" 404 155
0:0:0:0:0:0:0:1 - - [20/Feb/2022:13:33:45 +0330] "GET /swagger-ui/index.html HTTP/1.1" 304 -
0:0:0:0:0:0:0:1 - - [20/Feb/2022:13:33:45 +0330] "GET /services/camel-rest-client-docs/v3/api-docs/swagger-config HTTP/1.1" 404 155
0:0:0:0:0:0:0:1 - - [20/Feb/2022:13:33:45 +0330] "GET /swagger-ui/index.html HTTP/1.1" 304 -
0:0:0:0:0:0:0:1 - - [20/Feb/2022:13:33:45 +0330] "GET /services/camel-rest-client-docs/v3/api-docs/swagger-config HTTP/1.1" 404 155
0:0:0:0:0:0:0:1 - - [20/Feb/2022:13:33:45 +0330] "GET /swagger-ui/index.html HTTP/1.1" 304 -
0:0:0:0:0:0:0:1 - - [20/Feb/2022:13:33:45 +0330] "GET /services/camel-rest-client-docs/v3/api-docs/swagger-config HTTP/1.1" 404 155
0:0:0:0:0:0:0:1 - - [20/Feb/2022:13:33:45 +0330] "GET /swagger-ui/index.html HTTP/1.1" 304 -
0:0:0:0:0:0:0:1 - - [20/Feb/2022:13:33:45 +0330] "GET /services/camel-rest-client-docs/v3/api-docs/swagger-config HTTP/1.1" 404 155
0:0:0:0:0:0:0:1 - - [20/Feb/2022:13:33:46 +0330] "GET /swagger-ui/index.html HTTP/1.1" 304 -
0:0:0:0:0:0:0:1 - - [20/Feb/2022:13:33:46 +0330] "GET /services/camel-rest-client-docs/v3/api-docs/swagger-config HTTP/1.1" 404 155
0:0:0:0:0:0:0:1 - - [20/Feb/2022:13:33:46 +0330] "GET /swagger-ui/index.html HTTP/1.1" 304 -
0:0:0:0:0:0:0:1 - - [20/Feb/2022:13:33:46 +0330] "GET /services/camel-rest-client-docs/v3/api-docs/swagger-config HTTP/1.1" 404 155
0:0:0:0:0:0:0:1 - - [20/Feb/2022:13:33:46 +0330] "GET /swagger-ui/index.html HTTP/1.1" 304 -
0:0:0:0:0:0:0:1 - - [20/Feb/2022:13:33:46 +0330] "GET /services/camel-rest-client-docs/v3/api-docs/swagger-config HTTP/1.1" 404 155
0:0:0:0:0:0:0:1 - - [20/Feb/2022:13:33:46 +0330] "GET /swagger-ui/index.html HTTP/1.1" 304 -
0:0:0:0:0:0:0:1 - - [20/Feb/2022:13:33:46 +0330] "GET /services/camel-rest-client-docs/v3/api-docs/swagger-config HTTP/1.1" 404 155
0:0:0:0:0:0:0:1 - - [20/Feb/2022:13:34:20 +0330] "GET /swagger-ui/index.html HTTP/1.1" 304 -
0:0:0:0:0:0:0:1 - - [20/Feb/2022:13:34:20 +0330] "GET /services/camel-rest-client-docs/v3/api-docs/swagger-config HTTP/1.1" 404 155
0:0:0:0:0:0:0:1 - - [20/Feb/2022:13:34:21 +0330] "GET /swagger-ui/index.html HTTP/1.1" 304 -
0:0:0:0:0:0:0:1 - - [20/Feb/2022:13:34:21 +0330] "GET /services/camel-rest-client-docs/v3/api-docs/swagger-config HTTP/1.1" 404 155
0:0:0:0:0:0:0:1 - - [20/Feb/2022:13:34:21 +0330] "GET /swagger-ui/index.html HTTP/1.1" 304 -
0:0:0:0:0:0:0:1 - - [20/Feb/2022:13:34:21 +0330] "GET /services/camel-rest-client-docs/v3/api-docs/swagger-config HTTP/1.1" 404 155
0:0:0:0:0:0:0:1 - - [20/Feb/2022:13:34:21 +0330] "GET /swagger-ui/index.html HTTP/1.1" 304 -
0:0:0:0:0:0:0:1 - - [20/Feb/2022:13:34:21 +0330] "GET /services/camel-rest-client-docs/v3/api-docs/swagger-config HTTP/1.1" 404 155
0:0:0:0:0:0:0:1 - - [20/Feb/2022:13:34:21 +0330] "GET /swagger-ui/index.html HTTP/1.1" 304 -
0:0:0:0:0:0:0:1 - - [20/Feb/2022:13:34:21 +0330] "GET /services/camel-rest-client-docs/v3/api-docs/swagger-config HTTP/1.1" 404 155
0:0:0:0:0:0:0:1 - - [20/Feb/2022:13:34:21 +0330] "GET /swagger-ui/index.html HTTP/1.1" 304 -
0:0:0:0:0:0:0:1 - - [20/Feb/2022:13:34:22 +0330] "GET /services/camel-rest-client-docs/v3/api-docs/swagger-config HTTP/1.1" 404 155
0:0:0:0:0:0:0:1 - - [20/Feb/2022:13:34:22 +0330] "GET /swagger-ui/index.html HTTP/1.1" 304 -
0:0:0:0:0:0:0:1 - - [20/Feb/2022:13:34:22 +0330] "GET /services/camel-rest-client-docs/v3/api-docs/swagger-config HTTP/1.1" 404 155
0:0:0:0:0:0:0:1 - - [20/Feb/2022:13:34:22 +0330] "GET /swagger-ui/index.html HTTP/1.1" 304 -
0:0:0:0:0:0:0:1 - - [20/Feb/2022:13:34:22 +0330] "GET /services/camel-rest-client-docs/v3/api-docs/swagger-config HTTP/1.1" 404 155
0:0:0:0:0:0:0:1 - - [20/Feb/2022:13:34:22 +0330] "GET /swagger-ui/index.html HTTP/1.1" 304 -
0:0:0:0:0:0:0:1 - - [20/Feb/2022:13:34:22 +0330] "GET /services/camel-rest-client-docs/v3/api-docs/swagger-config HTTP/1.1" 404 155
0:0:0:0:0:0:0:1 - - [20/Feb/2022:13:34:22 +0330] "GET /swagger-ui/index.html HTTP/1.1" 304 -
0:0:0:0:0:0:0:1 - - [20/Feb/2022:13:34:22 +0330] "GET /services/camel-rest-client-docs/v3/api-docs/swagger-config HTTP/1.1" 404 155
0:0:0:0:0:0:0:1 - - [20/Feb/2022:13:34:22 +0330] "GET /swagger-ui/index.html HTTP/1.1" 304 -
0:0:0:0:0:0:0:1 - - [20/Feb/2022:13:34:22 +0330] "GET /services/camel-rest-client-docs/v3/api-docs/swagger-config HTTP/1.1" 404 155
0:0:0:0:0:0:0:1 - - [20/Feb/2022:13:34:26 +0330] "GET /swagger-ui.html HTTP/1.1" 302 -
0:0:0:0:0:0:0:1 - - [20/Feb/2022:13:34:26 +0330] "GET /services/camel-rest-client-docs/v3/api-docs/swagger-config HTTP/1.1" 404 155
0:0:0:0:0:0:0:1 - - [20/Feb/2022:13:35:53 +0330] "GET /swagger-ui/index.html HTTP/1.1" 304 -
0:0:0:0:0:0:0:1 - - [20/Feb/2022:13:35:53 +0330] "GET /services/camel-rest-client-docs/v3/api-docs/swagger-config HTTP/1.1" 404 155
0:0:0:0:0:0:0:1 - - [20/Feb/2022:13:35:53 +0330] "GET /swagger-ui/index.html HTTP/1.1" 304 -
0:0:0:0:0:0:0:1 - - [20/Feb/2022:13:35:53 +0330] "GET /services/camel-rest-client-docs/v3/api-docs/swagger-config HTTP/1.1" 404 155
0:0:0:0:0:0:0:1 - - [20/Feb/2022:13:35:54 +0330] "GET /swagger-ui/index.html HTTP/1.1" 304 -
0:0:0:0:0:0:0:1 - - [20/Feb/2022:13:35:54 +0330] "GET /services/camel-rest-client-docs/v3/api-docs/swagger-config HTTP/1.1" 404 155
0:0:0:0:0:0:0:1 - - [20/Feb/2022:13:35:54 +0330] "GET /swagger-ui/index.html HTTP/1.1" 304 -
0:0:0:0:0:0:0:1 - - [20/Feb/2022:13:35:54 +0330] "GET /services/camel-rest-client-docs/v3/api-docs/swagger-config HTTP/1.1" 404 155
0:0:0:0:0:0:0:1 - - [20/Feb/2022:13:35:54 +0330] "GET /swagger-ui/index.html HTTP/1.1" 304 -
0:0:0:0:0:0:0:1 - - [20/Feb/2022:13:35:54 +0330] "GET /services/camel-rest-client-docs/v3/api-docs/swagger-config HTTP/1.1" 404 155
0:0:0:0:0:0:0:1 - - [20/Feb/2022:13:35:54 +0330] "GET /swagger-ui/index.html HTTP/1.1" 304 -
0:0:0:0:0:0:0:1 - - [20/Feb/2022:13:35:54 +0330] "GET /services/camel-rest-client-docs/v3/api-docs/swagger-config HTTP/1.1" 404 155
0:0:0:0:0:0:0:1 - - [20/Feb/2022:13:35:54 +0330] "GET /swagger-ui/index.html HTTP/1.1" 304 -
0:0:0:0:0:0:0:1 - - [20/Feb/2022:13:35:54 +0330] "GET /services/camel-rest-client-docs/v3/api-docs/swagger-config HTTP/1.1" 404 155
0:0:0:0:0:0:0:1 - - [20/Feb/2022:13:36:16 +0330] "GET /services/camel-rest-client/v3/api-docs HTTP/1.1" 200 562
0:0:0:0:0:0:0:1 - - [20/Feb/2022:13:36:25 +0330] "GET /services/camel-rest-client/v3/api-docs HTTP/1.1" 200 562
0:0:0:0:0:0:0:1 - - [20/Feb/2022:13:36:31 +0330] "GET /services/camel-rest-client/v3/api-docs HTTP/1.1" 200 562
0:0:0:0:0:0:0:1 - - [20/Feb/2022:13:36:37 +0330] "GET /services/camel-rest-client/hello/sayHello HTTP/1.1" 200 19
0:0:0:0:0:0:0:1 - - [20/Feb/2022:13:37:30 +0330] "GET /swagger-ui/index.html HTTP/1.1" 304 -
0:0:0:0:0:0:0:1 - - [20/Feb/2022:13:37:30 +0330] "GET /services/camel-rest-client-docs/v3/api-docs/swagger-config HTTP/1.1" 404 155
0:0:0:0:0:0:0:1 - - [20/Feb/2022:13:37:31 +0330] "GET /swagger-ui/index.html HTTP/1.1" 304 -
0:0:0:0:0:0:0:1 - - [20/Feb/2022:13:37:31 +0330] "GET /services/camel-rest-client-docs/v3/api-docs/swagger-config HTTP/1.1" 404 155
0:0:0:0:0:0:0:1 - - [20/Feb/2022:13:37:31 +0330] "GET /swagger-ui/index.html HTTP/1.1" 304 -
0:0:0:0:0:0:0:1 - - [20/Feb/2022:13:37:31 +0330] "GET /services/camel-rest-client-docs/v3/api-docs/swagger-config HTTP/1.1" 404 155
0:0:0:0:0:0:0:1 - - [20/Feb/2022:13:37:31 +0330] "GET /swagger-ui/index.html HTTP/1.1" 304 -
0:0:0:0:0:0:0:1 - - [20/Feb/2022:13:37:31 +0330] "GET /services/camel-rest-client-docs/v3/api-docs/swagger-config HTTP/1.1" 404 155
0:0:0:0:0:0:0:1 - - [20/Feb/2022:13:37:31 +0330] "GET /swagger-ui/index.html HTTP/1.1" 304 -
0:0:0:0:0:0:0:1 - - [20/Feb/2022:13:37:32 +0330] "GET /services/camel-rest-client-docs/v3/api-docs/swagger-config HTTP/1.1" 404 155
0:0:0:0:0:0:0:1 - - [20/Feb/2022:13:37:32 +0330] "GET /swagger-ui/index.html HTTP/1.1" 304 -
0:0:0:0:0:0:0:1 - - [20/Feb/2022:13:37:32 +0330] "GET /services/camel-rest-client-docs/v3/api-docs/swagger-config HTTP/1.1" 404 155
0:0:0:0:0:0:0:1 - - [20/Feb/2022:13:37:32 +0330] "GET /swagger-ui/index.html HTTP/1.1" 304 -
0:0:0:0:0:0:0:1 - - [20/Feb/2022:13:37:32 +0330] "GET /services/camel-rest-client-docs/v3/api-docs/swagger-config HTTP/1.1" 404 155
0:0:0:0:0:0:0:1 - - [20/Feb/2022:13:37:39 +0330] "GET /services/camel-rest-client-docs/v3/api-docs/swagger-config HTTP/1.1" 404 155
0:0:0:0:0:0:0:1 - - [20/Feb/2022:13:37:42 +0330] "GET /swagger-ui/index.html HTTP/1.1" 304 -
0:0:0:0:0:0:0:1 - - [20/Feb/2022:13:37:42 +0330] "GET /services/camel-rest-client-docs/v3/api-docs/swagger-config HTTP/1.1" 404 155
0:0:0:0:0:0:0:1 - - [20/Feb/2022:13:38:06 +0330] "GET /swagger-ui/index.html HTTP/1.1" 304 -
0:0:0:0:0:0:0:1 - - [20/Feb/2022:13:38:06 +0330] "GET /services/camel-rest-client-docs/v3/api-docs/swagger-config HTTP/1.1" 404 155
0:0:0:0:0:0:0:1 - - [20/Feb/2022:13:38:06 +0330] "GET /swagger-ui/index.html HTTP/1.1" 304 -
0:0:0:0:0:0:0:1 - - [20/Feb/2022:13:38:06 +0330] "GET /services/camel-rest-client-docs/v3/api-docs/swagger-config HTTP/1.1" 404 155
0:0:0:0:0:0:0:1 - - [20/Feb/2022:13:38:06 +0330] "GET /swagger-ui/index.html HTTP/1.1" 304 -
0:0:0:0:0:0:0:1 - - [20/Feb/2022:13:38:06 +0330] "GET /services/camel-rest-client-docs/v3/api-docs/swagger-config HTTP/1.1" 404 155
0:0:0:0:0:0:0:1 - - [20/Feb/2022:13:38:06 +0330] "GET /swagger-ui/index.html HTTP/1.1" 304 -
0:0:0:0:0:0:0:1 - - [20/Feb/2022:13:38:06 +0330] "GET /services/camel-rest-client-docs/v3/api-docs/swagger-config HTTP/1.1" 404 155
0:0:0:0:0:0:0:1 - - [20/Feb/2022:13:38:07 +0330] "GET /swagger-ui/index.html HTTP/1.1" 304 -
0:0:0:0:0:0:0:1 - - [20/Feb/2022:13:38:07 +0330] "GET /services/camel-rest-client-docs/v3/api-docs/swagger-config HTTP/1.1" 404 155
0:0:0:0:0:0:0:1 - - [20/Feb/2022:13:38:07 +0330] "GET /swagger-ui/index.html HTTP/1.1" 304 -
0:0:0:0:0:0:0:1 - - [20/Feb/2022:13:38:07 +0330] "GET /services/camel-rest-client-docs/v3/api-docs/swagger-config HTTP/1.1" 404 155
0:0:0:0:0:0:0:1 - - [20/Feb/2022:13:38:07 +0330] "GET /swagger-ui/index.html HTTP/1.1" 304 -
0:0:0:0:0:0:0:1 - - [20/Feb/2022:13:38:07 +0330] "GET /services/camel-rest-client-docs/v3/api-docs/swagger-config HTTP/1.1" 404 155
0:0:0:0:0:0:0:1 - - [20/Feb/2022:13:38:07 +0330] "GET /swagger-ui/index.html HTTP/1.1" 304 -
0:0:0:0:0:0:0:1 - - [20/Feb/2022:13:38:07 +0330] "GET /services/camel-rest-client-docs/v3/api-docs/swagger-config HTTP/1.1" 404 155
0:0:0:0:0:0:0:1 - - [20/Feb/2022:13:38:07 +0330] "GET /swagger-ui/index.html HTTP/1.1" 304 -
0:0:0:0:0:0:0:1 - - [20/Feb/2022:13:38:07 +0330] "GET /services/camel-rest-client-docs/v3/api-docs/swagger-config HTTP/1.1" 404 155
0:0:0:0:0:0:0:1 - - [20/Feb/2022:13:38:08 +0330] "GET /swagger-ui/index.html HTTP/1.1" 304 -
0:0:0:0:0:0:0:1 - - [20/Feb/2022:13:38:08 +0330] "GET /services/camel-rest-client-docs/v3/api-docs/swagger-config HTTP/1.1" 404 155
0:0:0:0:0:0:0:1 - - [20/Feb/2022:13:38:08 +0330] "GET /swagger-ui/index.html HTTP/1.1" 304 -
0:0:0:0:0:0:0:1 - - [20/Feb/2022:13:38:08 +0330] "GET /services/camel-rest-client-docs/v3/api-docs/swagger-config HTTP/1.1" 404 155
0:0:0:0:0:0:0:1 - - [20/Feb/2022:13:38:08 +0330] "GET /swagger-ui/index.html HTTP/1.1" 304 -
0:0:0:0:0:0:0:1 - - [20/Feb/2022:13:38:08 +0330] "GET /services/camel-rest-client-docs/v3/api-docs/swagger-config HTTP/1.1" 404 155
0:0:0:0:0:0:0:1 - - [20/Feb/2022:13:38:08 +0330] "GET /swagger-ui/index.html HTTP/1.1" 304 -
0:0:0:0:0:0:0:1 - - [20/Feb/2022:13:38:08 +0330] "GET /services/camel-rest-client-docs/v3/api-docs/swagger-config HTTP/1.1" 404 155
0:0:0:0:0:0:0:1 - - [20/Feb/2022:13:38:08 +0330] "GET /swagger-ui/index.html HTTP/1.1" 304 -
0:0:0:0:0:0:0:1 - - [20/Feb/2022:13:38:08 +0330] "GET /services/camel-rest-client-docs/v3/api-docs/swagger-config HTTP/1.1" 404 155
0:0:0:0:0:0:0:1 - - [20/Feb/2022:13:38:09 +0330] "GET /swagger-ui/index.html HTTP/1.1" 304 -
0:0:0:0:0:0:0:1 - - [20/Feb/2022:13:38:09 +0330] "GET /services/camel-rest-client-docs/v3/api-docs/swagger-config HTTP/1.1" 404 155
0:0:0:0:0:0:0:1 - - [20/Feb/2022:13:38:09 +0330] "GET /swagger-ui/index.html HTTP/1.1" 304 -
0:0:0:0:0:0:0:1 - - [20/Feb/2022:13:38:09 +0330] "GET /services/camel-rest-client-docs/v3/api-docs/swagger-config HTTP/1.1" 404 155
127.0.0.1 - - [20/Feb/2022:13:38:16 +0330] "GET /swagger-ui/index.html HTTP/1.1" 200 1584
127.0.0.1 - - [20/Feb/2022:13:38:16 +0330] "GET /swagger-ui/swagger-ui.css HTTP/1.1" 200 143858
127.0.0.1 - - [20/Feb/2022:13:38:16 +0330] "GET /swagger-ui/swagger-ui-standalone-preset.js HTTP/1.1" 200 324275
127.0.0.1 - - [20/Feb/2022:13:38:16 +0330] "GET /swagger-ui/swagger-ui-bundle.js HTTP/1.1" 200 1086481
127.0.0.1 - - [20/Feb/2022:13:38:16 +0330] "GET /swagger-ui/favicon-16x16.png HTTP/1.1" 200 665
127.0.0.1 - - [20/Feb/2022:13:38:16 +0330] "GET /v3/api-docs/swagger-config HTTP/1.1" 200 319
127.0.0.1 - - [20/Feb/2022:13:38:17 +0330] "GET /services/camel-rest-client/v3/api-docs HTTP/1.1" 200 562
0:0:0:0:0:0:0:1 - - [20/Feb/2022:13:38:34 +0330] "GET /services/camel-rest-client-docs/v3/api-docs/swagger-config HTTP/1.1" 404 155
0:0:0:0:0:0:0:1 - - [20/Feb/2022:13:38:35 +0330] "GET /favicon.ico HTTP/1.1" 404 -
0:0:0:0:0:0:0:1 - - [20/Feb/2022:13:38:35 +0330] "GET / HTTP/1.1" 404 276
0:0:0:0:0:0:0:1 - - [20/Feb/2022:13:38:38 +0330] "GET /swagger-ui/swagger-ui-standalone-preset.js.map HTTP/1.1" 200 1424902
0:0:0:0:0:0:0:1 - - [20/Feb/2022:13:38:38 +0330] "GET /swagger-ui/swagger-ui-bundle.js.map HTTP/1.1" 200 4304715
0:0:0:0:0:0:0:1 - - [20/Feb/2022:13:38:38 +0330] "GET /swagger-ui/swagger-ui.css.map HTTP/1.1" 200 275373
0:0:0:0:0:0:0:1 - - [20/Feb/2022:13:40:19 +0330] "GET /swagger-ui/index.html HTTP/1.1" 304 -
0:0:0:0:0:0:0:1 - - [20/Feb/2022:13:40:19 +0330] "GET /services/camel-rest-client-docs/v3/api-docs/swagger-config HTTP/1.1" 404 155
0:0:0:0:0:0:0:1 - - [20/Feb/2022:13:40:20 +0330] "GET /swagger-ui/swagger-ui-standalone-preset.js.map HTTP/1.1" 200 1424902
0:0:0:0:0:0:0:1 - - [20/Feb/2022:13:40:20 +0330] "GET /swagger-ui/swagger-ui.css.map HTTP/1.1" 200 275373
0:0:0:0:0:0:0:1 - - [20/Feb/2022:13:40:20 +0330] "GET /swagger-ui/swagger-ui-bundle.js.map HTTP/1.1" 200 4304715
0:0:0:0:0:0:0:1 - - [20/Feb/2022:13:41:29 +0330] "GET /swagger-ui/index.html HTTP/1.1" 304 -
0:0:0:0:0:0:0:1 - - [20/Feb/2022:13:41:29 +0330] "GET /swagger-ui/swagger-ui.css.map HTTP/1.1" 200 275373
0:0:0:0:0:0:0:1 - - [20/Feb/2022:13:41:29 +0330] "GET /swagger-ui/swagger-ui-standalone-preset.js.map HTTP/1.1" 200 1424902
0:0:0:0:0:0:0:1 - - [20/Feb/2022:13:41:29 +0330] "GET /services/camel-rest-client-docs/v3/api-docs/swagger-config HTTP/1.1" 404 155
0:0:0:0:0:0:0:1 - - [20/Feb/2022:13:41:29 +0330] "GET /swagger-ui/swagger-ui-bundle.js.map HTTP/1.1" 200 4304715
0:0:0:0:0:0:0:1 - - [20/Feb/2022:13:41:30 +0330] "GET /swagger-ui/index.html HTTP/1.1" 304 -
0:0:0:0:0:0:0:1 - - [20/Feb/2022:13:41:30 +0330] "GET /swagger-ui/swagger-ui.css.map HTTP/1.1" 200 275373
0:0:0:0:0:0:0:1 - - [20/Feb/2022:13:41:30 +0330] "GET /swagger-ui/swagger-ui-standalone-preset.js.map HTTP/1.1" 200 1424902
0:0:0:0:0:0:0:1 - - [20/Feb/2022:13:41:30 +0330] "GET /services/camel-rest-client-docs/v3/api-docs/swagger-config HTTP/1.1" 404 155
0:0:0:0:0:0:0:1 - - [20/Feb/2022:13:41:30 +0330] "GET /swagger-ui/swagger-ui-bundle.js.map HTTP/1.1" 200 4304715
0:0:0:0:0:0:0:1 - - [20/Feb/2022:13:41:30 +0330] "GET /swagger-ui/index.html HTTP/1.1" 304 -
0:0:0:0:0:0:0:1 - - [20/Feb/2022:13:41:30 +0330] "GET /swagger-ui/index.html HTTP/1.1" 304 -
0:0:0:0:0:0:0:1 - - [20/Feb/2022:13:41:30 +0330] "GET /services/camel-rest-client-docs/v3/api-docs/swagger-config HTTP/1.1" 404 155
0:0:0:0:0:0:0:1 - - [20/Feb/2022:13:41:30 +0330] "GET /swagger-ui/swagger-ui.css.map HTTP/1.1" 200 275373
0:0:0:0:0:0:0:1 - - [20/Feb/2022:13:41:30 +0330] "GET /swagger-ui/swagger-ui-standalone-preset.js.map HTTP/1.1" 200 1424902
0:0:0:0:0:0:0:1 - - [20/Feb/2022:13:41:30 +0330] "GET /swagger-ui/swagger-ui-bundle.js.map HTTP/1.1" 200 4304715
0:0:0:0:0:0:0:1 - - [20/Feb/2022:13:41:31 +0330] "GET /swagger-ui/index.html HTTP/1.1" 304 -
0:0:0:0:0:0:0:1 - - [20/Feb/2022:13:41:31 +0330] "GET /services/camel-rest-client-docs/v3/api-docs/swagger-config HTTP/1.1" 404 155
0:0:0:0:0:0:0:1 - - [20/Feb/2022:13:41:31 +0330] "GET /swagger-ui/swagger-ui-standalone-preset.js.map HTTP/1.1" 200 1424902
0:0:0:0:0:0:0:1 - - [20/Feb/2022:13:41:31 +0330] "GET /swagger-ui/swagger-ui.css.map HTTP/1.1" 200 275373
0:0:0:0:0:0:0:1 - - [20/Feb/2022:13:41:31 +0330] "GET /swagger-ui/swagger-ui-bundle.js.map HTTP/1.1" 200 4304715
0:0:0:0:0:0:0:1 - - [20/Feb/2022:13:41:31 +0330] "GET /swagger-ui/index.html HTTP/1.1" 304 -
0:0:0:0:0:0:0:1 - - [20/Feb/2022:13:41:31 +0330] "GET /swagger-ui/swagger-ui.css.map HTTP/1.1" 200 275373
0:0:0:0:0:0:0:1 - - [20/Feb/2022:13:41:31 +0330] "GET /swagger-ui/swagger-ui-standalone-preset.js.map HTTP/1.1" 200 1424902
0:0:0:0:0:0:0:1 - - [20/Feb/2022:13:41:31 +0330] "GET /swagger-ui/swagger-ui-bundle.js.map HTTP/1.1" 200 4304715
0:0:0:0:0:0:0:1 - - [20/Feb/2022:13:41:31 +0330] "GET /services/camel-rest-client-docs/v3/api-docs/swagger-config HTTP/1.1" 404 155
0:0:0:0:0:0:0:1 - - [20/Feb/2022:13:41:31 +0330] "GET /swagger-ui/index.html HTTP/1.1" 304 -
0:0:0:0:0:0:0:1 - - [20/Feb/2022:13:41:31 +0330] "GET /swagger-ui/swagger-ui.css.map HTTP/1.1" 200 275373
0:0:0:0:0:0:0:1 - - [20/Feb/2022:13:41:31 +0330] "GET /swagger-ui/swagger-ui-standalone-preset.js.map HTTP/1.1" 200 1424902
0:0:0:0:0:0:0:1 - - [20/Feb/2022:13:41:31 +0330] "GET /swagger-ui/swagger-ui-bundle.js.map HTTP/1.1" 200 4304715
0:0:0:0:0:0:0:1 - - [20/Feb/2022:13:41:31 +0330] "GET /services/camel-rest-client-docs/v3/api-docs/swagger-config HTTP/1.1" 404 155
0:0:0:0:0:0:0:1 - - [20/Feb/2022:13:41:31 +0330] "GET /swagger-ui/index.html HTTP/1.1" 304 -
0:0:0:0:0:0:0:1 - - [20/Feb/2022:13:41:31 +0330] "GET /swagger-ui/swagger-ui-standalone-preset.js.map HTTP/1.1" 200 1424902
0:0:0:0:0:0:0:1 - - [20/Feb/2022:13:41:31 +0330] "GET /swagger-ui/swagger-ui.css.map HTTP/1.1" 200 275373
0:0:0:0:0:0:0:1 - - [20/Feb/2022:13:41:31 +0330] "GET /swagger-ui/swagger-ui-bundle.js.map HTTP/1.1" 200 4304715
0:0:0:0:0:0:0:1 - - [20/Feb/2022:13:41:31 +0330] "GET /swagger-ui/index.html HTTP/1.1" 304 -
0:0:0:0:0:0:0:1 - - [20/Feb/2022:13:41:31 +0330] "GET /services/camel-rest-client-docs/v3/api-docs/swagger-config HTTP/1.1" 404 155
0:0:0:0:0:0:0:1 - - [20/Feb/2022:13:41:32 +0330] "GET /swagger-ui/swagger-ui-bundle.js.map HTTP/1.1" 200 4304715
0:0:0:0:0:0:0:1 - - [20/Feb/2022:13:41:32 +0330] "GET /swagger-ui/swagger-ui.css.map HTTP/1.1" 200 275373
0:0:0:0:0:0:0:1 - - [20/Feb/2022:13:41:32 +0330] "GET /swagger-ui/swagger-ui-standalone-preset.js.map HTTP/1.1" 200 1424902
0:0:0:0:0:0:0:1 - - [20/Feb/2022:13:41:32 +0330] "GET /services/camel-rest-client-docs/v3/api-docs/swagger-config HTTP/1.1" 404 155
0:0:0:0:0:0:0:1 - - [20/Feb/2022:13:41:32 +0330] "GET /swagger-ui/swagger-ui-standalone-preset.js.map HTTP/1.1" 200 1424902
0:0:0:0:0:0:0:1 - - [20/Feb/2022:13:41:32 +0330] "GET /swagger-ui/swagger-ui.css.map HTTP/1.1" 200 275373
0:0:0:0:0:0:0:1 - - [20/Feb/2022:13:41:32 +0330] "GET /swagger-ui/swagger-ui-bundle.js.map HTTP/1.1" 200 4304715
0:0:0:0:0:0:0:1 - - [20/Feb/2022:13:41:32 +0330] "GET /swagger-ui/index.html HTTP/1.1" 304 -
0:0:0:0:0:0:0:1 - - [20/Feb/2022:13:41:32 +0330] "GET /services/camel-rest-client-docs/v3/api-docs/swagger-config HTTP/1.1" 404 155
0:0:0:0:0:0:0:1 - - [20/Feb/2022:13:41:32 +0330] "GET /swagger-ui/index.html HTTP/1.1" 304 -
0:0:0:0:0:0:0:1 - - [20/Feb/2022:13:41:32 +0330] "GET /services/camel-rest-client-docs/v3/api-docs/swagger-config HTTP/1.1" 404 155
0:0:0:0:0:0:0:1 - - [20/Feb/2022:13:41:32 +0330] "GET /swagger-ui/index.html HTTP/1.1" 304 -
0:0:0:0:0:0:0:1 - - [20/Feb/2022:13:41:32 +0330] "GET /swagger-ui/swagger-ui.css.map HTTP/1.1" 200 275373
0:0:0:0:0:0:0:1 - - [20/Feb/2022:13:41:32 +0330] "GET /swagger-ui/swagger-ui-standalone-preset.js.map HTTP/1.1" 200 1424902
0:0:0:0:0:0:0:1 - - [20/Feb/2022:13:41:32 +0330] "GET /swagger-ui/swagger-ui-bundle.js.map HTTP/1.1" 200 4304715
0:0:0:0:0:0:0:1 - - [20/Feb/2022:13:41:33 +0330] "GET /services/camel-rest-client-docs/v3/api-docs/swagger-config HTTP/1.1" 404 155
0:0:0:0:0:0:0:1 - - [20/Feb/2022:13:41:33 +0330] "GET /swagger-ui/index.html HTTP/1.1" 304 -
0:0:0:0:0:0:0:1 - - [20/Feb/2022:13:41:33 +0330] "GET /services/camel-rest-client-docs/v3/api-docs/swagger-config HTTP/1.1" 404 155
0:0:0:0:0:0:0:1 - - [20/Feb/2022:13:41:33 +0330] "GET /swagger-ui/index.html HTTP/1.1" 304 -
0:0:0:0:0:0:0:1 - - [20/Feb/2022:13:41:33 +0330] "GET /swagger-ui/swagger-ui.css.map HTTP/1.1" 200 275373
0:0:0:0:0:0:0:1 - - [20/Feb/2022:13:41:33 +0330] "GET /swagger-ui/swagger-ui-standalone-preset.js.map HTTP/1.1" 200 1424902
0:0:0:0:0:0:0:1 - - [20/Feb/2022:13:41:33 +0330] "GET /swagger-ui/swagger-ui-bundle.js.map HTTP/1.1" 200 4304715
0:0:0:0:0:0:0:1 - - [20/Feb/2022:13:41:33 +0330] "GET /swagger-ui/index.html HTTP/1.1" 304 -
0:0:0:0:0:0:0:1 - - [20/Feb/2022:13:41:33 +0330] "GET /services/camel-rest-client-docs/v3/api-docs/swagger-config HTTP/1.1" 404 155
0:0:0:0:0:0:0:1 - - [20/Feb/2022:13:41:33 +0330] "GET /swagger-ui/swagger-ui-bundle.js.map HTTP/1.1" 200 4304715
0:0:0:0:0:0:0:1 - - [20/Feb/2022:13:41:33 +0330] "GET /swagger-ui/swagger-ui.css.map HTTP/1.1" 200 275373
0:0:0:0:0:0:0:1 - - [20/Feb/2022:13:41:33 +0330] "GET /swagger-ui/swagger-ui-standalone-preset.js.map HTTP/1.1" 200 1424902
0:0:0:0:0:0:0:1 - - [20/Feb/2022:13:41:33 +0330] "GET /swagger-ui/swagger-ui-standalone-preset.js.map HTTP/1.1" 200 1424902
0:0:0:0:0:0:0:1 - - [20/Feb/2022:13:41:33 +0330] "GET /swagger-ui/swagger-ui.css.map HTTP/1.1" 200 275373
0:0:0:0:0:0:0:1 - - [20/Feb/2022:13:41:33 +0330] "GET /swagger-ui/swagger-ui-bundle.js.map HTTP/1.1" 200 4304715
0:0:0:0:0:0:0:1 - - [20/Feb/2022:13:41:33 +0330] "GET /swagger-ui/index.html HTTP/1.1" 304 -
0:0:0:0:0:0:0:1 - - [20/Feb/2022:13:41:33 +0330] "GET /services/camel-rest-client-docs/v3/api-docs/swagger-config HTTP/1.1" 404 155
0:0:0:0:0:0:0:1 - - [20/Feb/2022:13:41:33 +0330] "GET /swagger-ui/swagger-ui.css.map HTTP/1.1" 200 275373
0:0:0:0:0:0:0:1 - - [20/Feb/2022:13:41:33 +0330] "GET /swagger-ui/swagger-ui-standalone-preset.js.map HTTP/1.1" 200 1424902
0:0:0:0:0:0:0:1 - - [20/Feb/2022:13:41:33 +0330] "GET /swagger-ui/swagger-ui-bundle.js.map HTTP/1.1" 200 4304715
0:0:0:0:0:0:0:1 - - [20/Feb/2022:13:41:33 +0330] "GET /services/camel-rest-client-docs/v3/api-docs/swagger-config HTTP/1.1" 404 155
0:0:0:0:0:0:0:1 - - [20/Feb/2022:13:41:33 +0330] "GET /swagger-ui/index.html HTTP/1.1" 304 -
0:0:0:0:0:0:0:1 - - [20/Feb/2022:13:41:33 +0330] "GET /swagger-ui/index.html HTTP/1.1" 200 1584
0:0:0:0:0:0:0:1 - - [20/Feb/2022:13:41:33 +0330] "GET /swagger-ui/swagger-ui.css.map HTTP/1.1" 200 275373
0:0:0:0:0:0:0:1 - - [20/Feb/2022:13:41:33 +0330] "GET /swagger-ui/swagger-ui-standalone-preset.js.map HTTP/1.1" 200 1424902
0:0:0:0:0:0:0:1 - - [20/Feb/2022:13:41:33 +0330] "GET /swagger-ui/swagger-ui-bundle.js.map HTTP/1.1" 200 4304715
0:0:0:0:0:0:0:1 - - [20/Feb/2022:13:41:34 +0330] "GET /swagger-ui/swagger-ui.css.map HTTP/1.1" 200 275373
0:0:0:0:0:0:0:1 - - [20/Feb/2022:13:41:34 +0330] "GET /swagger-ui/swagger-ui-standalone-preset.js.map HTTP/1.1" 200 1424902
0:0:0:0:0:0:0:1 - - [20/Feb/2022:13:41:34 +0330] "GET /swagger-ui/swagger-ui-bundle.js.map HTTP/1.1" 200 4304715
0:0:0:0:0:0:0:1 - - [20/Feb/2022:13:41:34 +0330] "GET /swagger-ui/index.html HTTP/1.1" 304 -
0:0:0:0:0:0:0:1 - - [20/Feb/2022:13:41:34 +0330] "GET /swagger-ui/index.html HTTP/1.1" 304 -
0:0:0:0:0:0:0:1 - - [20/Feb/2022:13:41:34 +0330] "GET /swagger-ui/swagger-ui.css.map HTTP/1.1" 200 275373
0:0:0:0:0:0:0:1 - - [20/Feb/2022:13:41:34 +0330] "GET /swagger-ui/swagger-ui-standalone-preset.js.map HTTP/1.1" 200 1424902
0:0:0:0:0:0:0:1 - - [20/Feb/2022:13:41:34 +0330] "GET /swagger-ui/swagger-ui-bundle.js.map HTTP/1.1" 200 4304715
0:0:0:0:0:0:0:1 - - [20/Feb/2022:13:41:34 +0330] "GET /v3/api-docs/swagger-config HTTP/1.1" 200 319
0:0:0:0:0:0:0:1 - - [20/Feb/2022:13:41:34 +0330] "GET /swagger-ui/swagger-ui-standalone-preset.js.map HTTP/1.1" 200 1424902
0:0:0:0:0:0:0:1 - - [20/Feb/2022:13:41:34 +0330] "GET /swagger-ui/swagger-ui.css.map HTTP/1.1" 200 275373
0:0:0:0:0:0:0:1 - - [20/Feb/2022:13:41:34 +0330] "GET /swagger-ui/swagger-ui-bundle.js.map HTTP/1.1" 200 4304715
0:0:0:0:0:0:0:1 - - [20/Feb/2022:13:41:34 +0330] "GET /swagger-ui/swagger-ui.css.map HTTP/1.1" 200 275373
0:0:0:0:0:0:0:1 - - [20/Feb/2022:13:41:34 +0330] "GET /swagger-ui/swagger-ui-bundle.js.map HTTP/1.1" 200 4304715
0:0:0:0:0:0:0:1 - - [20/Feb/2022:13:41:34 +0330] "GET /swagger-ui/swagger-ui-standalone-preset.js.map HTTP/1.1" 200 1424902
0:0:0:0:0:0:0:1 - - [20/Feb/2022:13:41:35 +0330] "GET /services/camel-rest-client/v3/api-docs HTTP/1.1" 200 562
0:0:0:0:0:0:0:1 - - [20/Feb/2022:13:41:41 +0330] "GET /services/camel-rest-client/hello/sayHello HTTP/1.1" 200 19
0:0:0:0:0:0:0:1 - - [20/Feb/2022:13:53:08 +0330] "GET /swagger-ui/index.html HTTP/1.1" 304 -
0:0:0:0:0:0:0:1 - - [20/Feb/2022:13:53:08 +0330] "GET /v3/api-docs/swagger-config HTTP/1.1" 200 319
0:0:0:0:0:0:0:1 - - [20/Feb/2022:13:53:09 +0330] "GET /services/camel-rest-client/v3/api-docs HTTP/1.1" 200 562
0:0:0:0:0:0:0:1 - - [20/Feb/2022:13:53:13 +0330] "GET /services/camel-rest-client/hello/sayHello HTTP/1.1" 200 19
0:0:0:0:0:0:0:1 - - [20/Feb/2022:13:53:36 +0330] "GET /services/camel-rest-client/v3/api-docs HTTP/1.1" 200 562
0:0:0:0:0:0:0:1 - - [20/Feb/2022:13:53:36 +0330] "GET /favicon.ico HTTP/1.1" 404 108
0:0:0:0:0:0:0:1 - - [20/Feb/2022:14:07:20 +0330] "GET /swagger-ui/index.html HTTP/1.1" 304 -
0:0:0:0:0:0:0:1 - - [20/Feb/2022:14:07:20 +0330] "GET /v3/api-docs/swagger-config HTTP/1.1" 200 303
0:0:0:0:0:0:0:1 - - [20/Feb/2022:14:07:21 +0330] "GET /services/camel-rest-client/v3/api-docs HTTP/1.1" 200 952
0:0:0:0:0:0:0:1 - - [20/Feb/2022:14:09:20 +0330] "GET /swagger-ui/swagger-ui-standalone-preset.js.map HTTP/1.1" 200 1424902
0:0:0:0:0:0:0:1 - - [20/Feb/2022:14:09:21 +0330] "GET /swagger-ui/swagger-ui-bundle.js.map HTTP/1.1" 200 4304715
0:0:0:0:0:0:0:1 - - [20/Feb/2022:14:09:21 +0330] "GET /swagger-ui/swagger-ui.css.map HTTP/1.1" 200 275373
0:0:0:0:0:0:0:1 - - [20/Feb/2022:14:10:37 +0330] "GET /services/camel-rest-client/hello/sayHello HTTP/1.1" 200 19
0:0:0:0:0:0:0:1 - - [20/Feb/2022:14:13:43 +0330] "GET /swagger-ui/index.html HTTP/1.1" 304 -
0:0:0:0:0:0:0:1 - - [20/Feb/2022:14:13:44 +0330] "GET /v3/api-docs/swagger-config HTTP/1.1" 200 303
0:0:0:0:0:0:0:1 - - [20/Feb/2022:14:13:44 +0330] "GET /services/camel-rest-client/v3/api-docs HTTP/1.1" 200 1009
0:0:0:0:0:0:0:1 - - [20/Feb/2022:14:15:30 +0330] "GET /swagger-ui/index.html HTTP/1.1" 304 -
0:0:0:0:0:0:0:1 - - [20/Feb/2022:14:15:30 +0330] "GET /v3/api-docs/swagger-config HTTP/1.1" 200 303
0:0:0:0:0:0:0:1 - - [20/Feb/2022:14:15:31 +0330] "GET /services/camel-rest-client/v3/api-docs HTTP/1.1" 200 1020
0:0:0:0:0:0:0:1 - - [20/Feb/2022:14:17:52 +0330] "GET /swagger-ui/index.html HTTP/1.1" 304 -
0:0:0:0:0:0:0:1 - - [20/Feb/2022:14:17:52 +0330] "GET /v3/api-docs/swagger-config HTTP/1.1" 200 303
0:0:0:0:0:0:0:1 - - [20/Feb/2022:14:17:53 +0330] "GET /services/camel-rest-client/v3/api-docs HTTP/1.1" 200 1060
0:0:0:0:0:0:0:1 - - [20/Feb/2022:14:18:53 +0330] "GET /swagger-ui/index.html HTTP/1.1" 304 -
0:0:0:0:0:0:0:1 - - [20/Feb/2022:14:18:53 +0330] "GET /v3/api-docs/swagger-config HTTP/1.1" 200 303
0:0:0:0:0:0:0:1 - - [20/Feb/2022:14:18:53 +0330] "GET /services/camel-rest-client/v3/api-docs HTTP/1.1" 200 1060
0:0:0:0:0:0:0:1 - - [20/Feb/2022:14:19:46 +0330] "GET /swagger-ui.html?state=U3VuIEZlYiAyMCAyMDIyIDE0OjE5OjAwIEdNVCswMzMwIChJcmFuIFN0YW5kYXJkIFRpbWUp&session_state=d084c74f-2ba5-484e-a0ef-be49b5617421&code=e366f727-dd3d-4fcc-8681-134cbc323abd.d084c74f-2ba5-484e-a0ef-be49b5617421.ce2fa00c-0978-499a-8a4b-23eff11dbdd7 HTTP/1.1" 302 -
0:0:0:0:0:0:0:1 - - [20/Feb/2022:14:19:46 +0330] "GET /swagger-ui/index.html?code=e366f727-dd3d-4fcc-8681-134cbc323abd.d084c74f-2ba5-484e-a0ef-be49b5617421.ce2fa00c-0978-499a-8a4b-23eff11dbdd7&state=U3VuIEZlYiAyMCAyMDIyIDE0OjE5OjAwIEdNVCswMzMwIChJcmFuIFN0YW5kYXJkIFRpbWUp&session_state=d084c74f-2ba5-484e-a0ef-be49b5617421 HTTP/1.1" 200 1719
0:0:0:0:0:0:0:1 - - [20/Feb/2022:14:19:46 +0330] "GET /v3/api-docs/swagger-config HTTP/1.1" 200 303
0:0:0:0:0:0:0:1 - - [20/Feb/2022:14:19:46 +0330] "GET /services/camel-rest-client/v3/api-docs HTTP/1.1" 200 1060
0:0:0:0:0:0:0:1 - - [20/Feb/2022:14:19:51 +0330] "GET /services/camel-rest-client/hello/sayHello HTTP/1.1" 200 19
0:0:0:0:0:0:0:1 - - [20/Feb/2022:14:20:10 +0330] "GET /swagger-ui.html?state=U3VuIEZlYiAyMCAyMDIyIDE0OjIwOjA5IEdNVCswMzMwIChJcmFuIFN0YW5kYXJkIFRpbWUp&session_state=d084c74f-2ba5-484e-a0ef-be49b5617421&code=35b38c3e-ed19-4211-b4e8-8a1a42820faf.d084c74f-2ba5-484e-a0ef-be49b5617421.ce2fa00c-0978-499a-8a4b-23eff11dbdd7 HTTP/1.1" 302 -
0:0:0:0:0:0:0:1 - - [20/Feb/2022:14:20:10 +0330] "GET /swagger-ui/index.html?code=35b38c3e-ed19-4211-b4e8-8a1a42820faf.d084c74f-2ba5-484e-a0ef-be49b5617421.ce2fa00c-0978-499a-8a4b-23eff11dbdd7&state=U3VuIEZlYiAyMCAyMDIyIDE0OjIwOjA5IEdNVCswMzMwIChJcmFuIFN0YW5kYXJkIFRpbWUp&session_state=d084c74f-2ba5-484e-a0ef-be49b5617421 HTTP/1.1" 200 1719
0:0:0:0:0:0:0:1 - - [20/Feb/2022:14:20:10 +0330] "GET /v3/api-docs/swagger-config HTTP/1.1" 200 303
0:0:0:0:0:0:0:1 - - [20/Feb/2022:14:20:10 +0330] "GET /services/camel-rest-client/v3/api-docs HTTP/1.1" 200 1060
0:0:0:0:0:0:0:1 - - [20/Feb/2022:14:20:15 +0330] "GET /services/camel-rest-client/hello/sayHello HTTP/1.1" 200 19
0:0:0:0:0:0:0:1 - - [20/Feb/2022:14:21:29 +0330] "GET /swagger-ui/index.html?code=e366f727-dd3d-4fcc-8681-134cbc323abd.d084c74f-2ba5-484e-a0ef-be49b5617421.ce2fa00c-0978-499a-8a4b-23eff11dbdd7&state=U3VuIEZlYiAyMCAyMDIyIDE0OjE5OjAwIEdNVCswMzMwIChJcmFuIFN0YW5kYXJkIFRpbWUp&session_state=d084c74f-2ba5-484e-a0ef-be49b5617421 HTTP/1.1" 304 -
0:0:0:0:0:0:0:1 - - [20/Feb/2022:14:21:29 +0330] "GET /v3/api-docs/swagger-config HTTP/1.1" 200 303
0:0:0:0:0:0:0:1 - - [20/Feb/2022:14:21:29 +0330] "GET /services/camel-rest-client/v3/api-docs HTTP/1.1" 200 1060
0:0:0:0:0:0:0:1 - - [20/Feb/2022:14:21:33 +0330] "GET /swagger-ui.html?state=U3VuIEZlYiAyMCAyMDIyIDE0OjIxOjMzIEdNVCswMzMwIChJcmFuIFN0YW5kYXJkIFRpbWUp&session_state=d084c74f-2ba5-484e-a0ef-be49b5617421&code=69619616-54e3-4f24-b83a-e55907d9023d.d084c74f-2ba5-484e-a0ef-be49b5617421.ce2fa00c-0978-499a-8a4b-23eff11dbdd7 HTTP/1.1" 302 -
0:0:0:0:0:0:0:1 - - [20/Feb/2022:14:21:33 +0330] "GET /swagger-ui/index.html?code=69619616-54e3-4f24-b83a-e55907d9023d.d084c74f-2ba5-484e-a0ef-be49b5617421.ce2fa00c-0978-499a-8a4b-23eff11dbdd7&state=U3VuIEZlYiAyMCAyMDIyIDE0OjIxOjMzIEdNVCswMzMwIChJcmFuIFN0YW5kYXJkIFRpbWUp&session_state=d084c74f-2ba5-484e-a0ef-be49b5617421 HTTP/1.1" 200 1719
0:0:0:0:0:0:0:1 - - [20/Feb/2022:14:21:33 +0330] "GET /v3/api-docs/swagger-config HTTP/1.1" 200 303
0:0:0:0:0:0:0:1 - - [20/Feb/2022:14:21:33 +0330] "GET /services/camel-rest-client/v3/api-docs HTTP/1.1" 200 1060
0:0:0:0:0:0:0:1 - - [20/Feb/2022:14:21:43 +0330] "GET /swagger-ui/index.html?code=69619616-54e3-4f24-b83a-e55907d9023d.d084c74f-2ba5-484e-a0ef-be49b5617421.ce2fa00c-0978-499a-8a4b-23eff11dbdd7&state=U3VuIEZlYiAyMCAyMDIyIDE0OjIxOjMzIEdNVCswMzMwIChJcmFuIFN0YW5kYXJkIFRpbWUp&session_state=d084c74f-2ba5-484e-a0ef-be49b5617421 HTTP/1.1" 304 -
0:0:0:0:0:0:0:1 - - [20/Feb/2022:14:21:43 +0330] "GET /v3/api-docs/swagger-config HTTP/1.1" 200 303
0:0:0:0:0:0:0:1 - - [20/Feb/2022:14:21:43 +0330] "GET /services/camel-rest-client/v3/api-docs HTTP/1.1" 200 1060
0:0:0:0:0:0:0:1 - - [20/Feb/2022:14:22:00 +0330] "GET /swagger-ui/index.html HTTP/1.1" 304 -
0:0:0:0:0:0:0:1 - - [20/Feb/2022:14:22:00 +0330] "GET /v3/api-docs/swagger-config HTTP/1.1" 200 303
0:0:0:0:0:0:0:1 - - [20/Feb/2022:14:22:00 +0330] "GET /services/camel-rest-client/v3/api-docs HTTP/1.1" 200 1060
0:0:0:0:0:0:0:1 - - [20/Feb/2022:14:23:36 +0330] "GET /v3/api-docs/swagger-config HTTP/1.1" 200 303
0:0:0:0:0:0:0:1 - - [20/Feb/2022:14:23:36 +0330] "GET /services/camel-rest-client/v3/api-docs HTTP/1.1" 200 1001
0:0:0:0:0:0:0:1 - - [20/Feb/2022:14:24:43 +0330] "GET /swagger-ui/index.html HTTP/1.1" 304 -
0:0:0:0:0:0:0:1 - - [20/Feb/2022:14:24:44 +0330] "GET /v3/api-docs/swagger-config HTTP/1.1" 200 303
0:0:0:0:0:0:0:1 - - [20/Feb/2022:14:24:44 +0330] "GET /services/camel-rest-client/v3/api-docs HTTP/1.1" 200 990
0:0:0:0:0:0:0:1 - - [20/Feb/2022:14:27:40 +0330] "GET /swagger-ui/index.html HTTP/1.1" 304 -
0:0:0:0:0:0:0:1 - - [20/Feb/2022:14:27:40 +0330] "GET /v3/api-docs/swagger-config HTTP/1.1" 200 303
0:0:0:0:0:0:0:1 - - [20/Feb/2022:14:27:41 +0330] "GET /services/camel-rest-client/v3/api-docs HTTP/1.1" 200 917
0:0:0:0:0:0:0:1 - - [20/Feb/2022:14:33:30 +0330] "GET /swagger-ui/index.html HTTP/1.1" 304 -
0:0:0:0:0:0:0:1 - - [20/Feb/2022:14:33:30 +0330] "GET /v3/api-docs/swagger-config HTTP/1.1" 200 303
0:0:0:0:0:0:0:1 - - [20/Feb/2022:14:33:30 +0330] "GET /services/camel-rest-client/v3/api-docs HTTP/1.1" 200 889
0:0:0:0:0:0:0:1 - - [20/Feb/2022:14:34:11 +0330] "GET /swagger-ui/index.html HTTP/1.1" 304 -
0:0:0:0:0:0:0:1 - - [20/Feb/2022:14:34:12 +0330] "GET /v3/api-docs/swagger-config HTTP/1.1" 200 303
0:0:0:0:0:0:0:1 - - [20/Feb/2022:14:34:12 +0330] "GET /services/camel-rest-client/v3/api-docs HTTP/1.1" 200 767
0:0:0:0:0:0:0:1 - - [20/Feb/2022:14:34:55 +0330] "GET /swagger-ui/index.html HTTP/1.1" 304 -
0:0:0:0:0:0:0:1 - - [20/Feb/2022:14:34:55 +0330] "GET /v3/api-docs/swagger-config HTTP/1.1" 200 303
0:0:0:0:0:0:0:1 - - [20/Feb/2022:14:34:55 +0330] "GET /services/camel-rest-client/v3/api-docs HTTP/1.1" 200 799
0:0:0:0:0:0:0:1 - - [20/Feb/2022:14:35:32 +0330] "GET /swagger-ui/index.html HTTP/1.1" 304 -
0:0:0:0:0:0:0:1 - - [20/Feb/2022:14:35:33 +0330] "GET /v3/api-docs/swagger-config HTTP/1.1" 200 303
0:0:0:0:0:0:0:1 - - [20/Feb/2022:14:35:33 +0330] "GET /services/camel-rest-client/v3/api-docs HTTP/1.1" 200 799
0:0:0:0:0:0:0:1 - - [20/Feb/2022:14:36:22 +0330] "GET /swagger-ui/index.html HTTP/1.1" 304 -
0:0:0:0:0:0:0:1 - - [20/Feb/2022:14:36:22 +0330] "GET /v3/api-docs/swagger-config HTTP/1.1" 200 303
0:0:0:0:0:0:0:1 - - [20/Feb/2022:14:36:23 +0330] "GET /services/camel-rest-client/v3/api-docs HTTP/1.1" 200 996
0:0:0:0:0:0:0:1 - - [20/Feb/2022:14:39:28 +0330] "GET /swagger-ui/index.html HTTP/1.1" 304 -
0:0:0:0:0:0:0:1 - - [20/Feb/2022:14:39:28 +0330] "GET /v3/api-docs/swagger-config HTTP/1.1" 200 303
0:0:0:0:0:0:0:1 - - [20/Feb/2022:14:39:29 +0330] "GET /services/camel-rest-client/v3/api-docs HTTP/1.1" 200 992
0:0:0:0:0:0:0:1 - - [20/Feb/2022:14:40:12 +0330] "GET /swagger-ui/index.html HTTP/1.1" 304 -
0:0:0:0:0:0:0:1 - - [20/Feb/2022:14:40:12 +0330] "GET /v3/api-docs/swagger-config HTTP/1.1" 200 303
0:0:0:0:0:0:0:1 - - [20/Feb/2022:14:40:13 +0330] "GET /services/camel-rest-client/v3/api-docs HTTP/1.1" 200 1001
0:0:0:0:0:0:0:1 - - [20/Feb/2022:14:41:01 +0330] "GET /swagger-ui/index.html HTTP/1.1" 304 -
0:0:0:0:0:0:0:1 - - [20/Feb/2022:14:41:01 +0330] "GET /v3/api-docs/swagger-config HTTP/1.1" 200 303
0:0:0:0:0:0:0:1 - - [20/Feb/2022:14:41:01 +0330] "GET /services/camel-rest-client/v3/api-docs HTTP/1.1" 200 992
0:0:0:0:0:0:0:1 - - [20/Feb/2022:14:42:31 +0330] "GET /swagger-ui/index.html HTTP/1.1" 304 -
0:0:0:0:0:0:0:1 - - [20/Feb/2022:14:42:31 +0330] "GET /v3/api-docs/swagger-config HTTP/1.1" 200 303
0:0:0:0:0:0:0:1 - - [20/Feb/2022:14:42:31 +0330] "GET /services/camel-rest-client/v3/api-docs HTTP/1.1" 200 890
127.0.0.1 - - [20/Feb/2022:14:44:04 +0330] "GET /v3/api-docs/swagger-config HTTP/1.1" 200 303
127.0.0.1 - - [20/Feb/2022:14:44:04 +0330] "GET /services/camel-rest-client/v3/api-docs HTTP/1.1" 404 135
127.0.0.1 - - [20/Feb/2022:14:44:07 +0330] "GET /swagger-ui/index.html HTTP/1.1" 304 -
127.0.0.1 - - [20/Feb/2022:14:44:07 +0330] "GET /v3/api-docs/swagger-config HTTP/1.1" 200 303
127.0.0.1 - - [20/Feb/2022:14:44:08 +0330] "GET /services/camel-rest-client/v3/api-docs HTTP/1.1" 200 850
0:0:0:0:0:0:0:1 - - [20/Feb/2022:14:45:22 +0330] "GET /services/camel-rest-client/hello/sayHello HTTP/1.1" 200 19
0:0:0:0:0:0:0:1 - - [20/Feb/2022:15:21:11 +0330] "GET /swagger-ui/index.html HTTP/1.1" 304 -
0:0:0:0:0:0:0:1 - - [20/Feb/2022:15:21:11 +0330] "GET /v3/api-docs/swagger-config HTTP/1.1" 200 303
0:0:0:0:0:0:0:1 - - [20/Feb/2022:15:21:11 +0330] "GET /services/camel-rest-client/v3/api-docs HTTP/1.1" 200 4628
0:0:0:0:0:0:0:1 - - [20/Feb/2022:15:21:19 +0330] "GET /services/camel-rest-client/person/findAll HTTP/1.1" 500 10627
0:0:0:0:0:0:0:1 - - [20/Feb/2022:16:21:36 +0330] "GET /services/camel-rest-client/person/findAll HTTP/1.1" 200 574
0:0:0:0:0:0:0:1 - - [20/Feb/2022:16:22:28 +0330] "GET /services/camel-rest-client/person/findAll HTTP/1.1" 200 574
0:0:0:0:0:0:0:1 - - [20/Feb/2022:16:23:13 +0330] "GET /services/camel-rest-client/person/findAll HTTP/1.1" 200 574
0:0:0:0:0:0:0:1 - - [20/Feb/2022:16:23:14 +0330] "GET /swagger-ui/index.html HTTP/1.1" 304 -
0:0:0:0:0:0:0:1 - - [20/Feb/2022:16:23:14 +0330] "GET /v3/api-docs/swagger-config HTTP/1.1" 200 303
0:0:0:0:0:0:0:1 - - [20/Feb/2022:16:23:15 +0330] "GET /services/camel-rest-client/v3/api-docs HTTP/1.1" 200 4631
0:0:0:0:0:0:0:1 - - [20/Feb/2022:16:23:21 +0330] "GET /services/camel-rest-client/person/findAll HTTP/1.1" 200 574
0:0:0:0:0:0:0:1 - - [20/Feb/2022:16:30:24 +0330] "GET /swagger-ui/index.html HTTP/1.1" 304 -
0:0:0:0:0:0:0:1 - - [20/Feb/2022:16:30:24 +0330] "GET /v3/api-docs/swagger-config HTTP/1.1" 200 303
0:0:0:0:0:0:0:1 - - [20/Feb/2022:16:30:25 +0330] "GET /services/camel-rest-client/v3/api-docs HTTP/1.1" 200 6423
0:0:0:0:0:0:0:1 - - [20/Feb/2022:16:30:31 +0330] "GET /services/camel-rest-client/person/find/0079028748 HTTP/1.1" 200 171
0:0:0:0:0:0:0:1 - - [20/Feb/2022:16:30:50 +0330] "GET /services/camel-rest-client/person/find/0079028741 HTTP/1.1" 500 6890
0:0:0:0:0:0:0:1 - - [20/Feb/2022:16:51:07 +0330] "GET /services/camel-rest-client/person/find/0079028741 HTTP/1.1" 406 273
0:0:0:0:0:0:0:1 - - [20/Feb/2022:16:52:03 +0330] "GET /services/camel-rest-client/person/find/0079028741 HTTP/1.1" 406 249
